<?xml version="1.0" encoding="utf-8"?>
<CoverageSession xmlns:xsd="http://www.w3.org/2001/XMLSchema" xmlns:xsi="http://www.w3.org/2001/XMLSchema-instance" Version="4.7.922.0">
  <Summary numSequencePoints="2519" visitedSequencePoints="1363" numBranchPoints="492" visitedBranchPoints="315" sequenceCoverage="54.11" branchCoverage="64.02" maxCyclomaticComplexity="6" minCyclomaticComplexity="1" maxCrapScore="42" minCrapScore="1" visitedClasses="22" numClasses="30" visitedMethods="221" numMethods="298" />
  <Modules>
    <Module hash="9D-D3-59-D8-7F-47-FF-A9-94-DE-54-0D-D6-08-DB-D7-F2-69-58-A7">
      <Summary numSequencePoints="634" visitedSequencePoints="634" numBranchPoints="88" visitedBranchPoints="88" sequenceCoverage="100" branchCoverage="100" maxCyclomaticComplexity="1" minCyclomaticComplexity="1" maxCrapScore="2" minCrapScore="1" visitedClasses="10" numClasses="10" visitedMethods="88" numMethods="88" />
      <ModulePath>C:\Users\黃士儼\OneDrive\桌面\NTUT\111-1\視窗程式設計\HW\bookBorrowingSystem\BookBorrowingSystemTests1\bin\Debug\fine-code-coverage\build-output\BookBorrowingSystemTests1.dll</ModulePath>
      <ModuleTime>2022-11-23T17:35:02.9879115Z</ModuleTime>
      <ModuleName>BookBorrowingSystemTests1</ModuleName>
      <Files>
        <File uid="1" fullPath="C:\Users\黃士儼\OneDrive\桌面\NTUT\111-1\視窗程式設計\HW\bookBorrowingSystem\BookBorrowingSystemTests1\BackPackFormPresentationModelTests.cs" />
        <File uid="2" fullPath="C:\Users\黃士儼\OneDrive\桌面\NTUT\111-1\視窗程式設計\HW\bookBorrowingSystem\BookBorrowingSystemTests1\BookAddFormPresentationModelTests.cs" />
        <File uid="3" fullPath="C:\Users\黃士儼\OneDrive\桌面\NTUT\111-1\視窗程式設計\HW\bookBorrowingSystem\BookBorrowingSystemTests1\BookBorrowingFormPresentationModelTests.cs" />
        <File uid="4" fullPath="C:\Users\黃士儼\OneDrive\桌面\NTUT\111-1\視窗程式設計\HW\bookBorrowingSystem\BookBorrowingSystemTests1\BookInventoryFormPresentationModelTests.cs" />
        <File uid="5" fullPath="C:\Users\黃士儼\OneDrive\桌面\NTUT\111-1\視窗程式設計\HW\bookBorrowingSystem\BookBorrowingSystemTests1\BookManagementFormPresentationModelTests.cs" />
        <File uid="6" fullPath="C:\Users\黃士儼\OneDrive\桌面\NTUT\111-1\視窗程式設計\HW\bookBorrowingSystem\BookBorrowingSystemTests1\BookTests.cs" />
        <File uid="7" fullPath="C:\Users\黃士儼\OneDrive\桌面\NTUT\111-1\視窗程式設計\HW\bookBorrowingSystem\BookBorrowingSystemTests1\BorrowedItemTests.cs" />
        <File uid="8" fullPath="C:\Users\黃士儼\OneDrive\桌面\NTUT\111-1\視窗程式設計\HW\bookBorrowingSystem\BookBorrowingSystemTests1\BorrowListTests.cs" />
        <File uid="9" fullPath="C:\Users\黃士儼\OneDrive\桌面\NTUT\111-1\視窗程式設計\HW\bookBorrowingSystem\BookBorrowingSystemTests1\LibraryTests.cs" />
        <File uid="10" fullPath="C:\Users\黃士儼\OneDrive\桌面\NTUT\111-1\視窗程式設計\HW\bookBorrowingSystem\BookBorrowingSystemTests1\MenuFormPresentationModelTests.cs" />
      </Files>
      <Classes>
        <Class>
          <Summary numSequencePoints="71" visitedSequencePoints="71" numBranchPoints="9" visitedBranchPoints="9" sequenceCoverage="100" branchCoverage="100" maxCyclomaticComplexity="1" minCyclomaticComplexity="1" maxCrapScore="2" minCrapScore="1" visitedClasses="1" numClasses="1" visitedMethods="9" numMethods="9" />
          <FullName>BookBorrowingSystem.Tests.BackPackFormPresentationModelTests</FullName>
          <Methods>
            <Method visited="true" cyclomaticComplexity="1" nPathComplexity="0" sequenceCoverage="100" branchCoverage="100" crapScore="1" isConstructor="false" isStatic="false" isGetter="false" isSetter="false">
              <Summary numSequencePoints="24" visitedSequencePoints="24" numBranchPoints="1" visitedBranchPoints="1" sequenceCoverage="100" branchCoverage="100" maxCyclomaticComplexity="1" minCyclomaticComplexity="1" maxCrapScore="1" minCrapScore="1" visitedClasses="0" numClasses="0" visitedMethods="1" numMethods="1" />
              <MetadataToken>100663297</MetadataToken>
              <Name>System.Void BookBorrowingSystem.Tests.BackPackFormPresentationModelTests::Initialize()</Name>
              <FileRef uid="1" />
              <SequencePoints>
                <SequencePoint vc="8" uspid="1" ordinal="0" offset="0" sl="20" sc="9" el="20" ec="10" bec="0" bev="0" fileid="1" />
                <SequencePoint vc="8" uspid="2" ordinal="1" offset="1" sl="21" sc="13" el="21" ec="62" bec="0" bev="0" fileid="1" />
                <SequencePoint vc="8" uspid="3" ordinal="2" offset="17" sl="22" sc="13" el="22" ec="37" bec="0" bev="0" fileid="1" />
                <SequencePoint vc="8" uspid="4" ordinal="3" offset="23" sl="23" sc="13" el="23" ec="69" bec="0" bev="0" fileid="1" />
                <SequencePoint vc="8" uspid="5" ordinal="4" offset="35" sl="24" sc="13" el="24" ec="48" bec="0" bev="0" fileid="1" />
                <SequencePoint vc="8" uspid="6" ordinal="5" offset="47" sl="25" sc="13" el="25" ec="41" bec="0" bev="0" fileid="1" />
                <SequencePoint vc="8" uspid="7" ordinal="6" offset="59" sl="26" sc="13" el="26" ec="63" bec="0" bev="0" fileid="1" />
                <SequencePoint vc="8" uspid="8" ordinal="7" offset="71" sl="27" sc="13" el="27" ec="37" bec="0" bev="0" fileid="1" />
                <SequencePoint vc="8" uspid="9" ordinal="8" offset="77" sl="28" sc="13" el="28" ec="67" bec="0" bev="0" fileid="1" />
                <SequencePoint vc="8" uspid="10" ordinal="9" offset="89" sl="29" sc="13" el="29" ec="47" bec="0" bev="0" fileid="1" />
                <SequencePoint vc="8" uspid="11" ordinal="10" offset="101" sl="30" sc="13" el="30" ec="43" bec="0" bev="0" fileid="1" />
                <SequencePoint vc="8" uspid="12" ordinal="11" offset="113" sl="31" sc="13" el="31" ec="50" bec="0" bev="0" fileid="1" />
                <SequencePoint vc="8" uspid="13" ordinal="12" offset="125" sl="32" sc="13" el="32" ec="61" bec="0" bev="0" fileid="1" />
                <SequencePoint vc="8" uspid="14" ordinal="13" offset="131" sl="33" sc="13" el="33" ec="61" bec="0" bev="0" fileid="1" />
                <SequencePoint vc="8" uspid="15" ordinal="14" offset="137" sl="34" sc="13" el="34" ec="40" bec="0" bev="0" fileid="1" />
                <SequencePoint vc="8" uspid="16" ordinal="15" offset="145" sl="35" sc="13" el="35" ec="40" bec="0" bev="0" fileid="1" />
                <SequencePoint vc="8" uspid="17" ordinal="16" offset="153" sl="36" sc="13" el="36" ec="40" bec="0" bev="0" fileid="1" />
                <SequencePoint vc="8" uspid="18" ordinal="17" offset="161" sl="37" sc="13" el="37" ec="40" bec="0" bev="0" fileid="1" />
                <SequencePoint vc="8" uspid="19" ordinal="18" offset="169" sl="38" sc="13" el="38" ec="54" bec="0" bev="0" fileid="1" />
                <SequencePoint vc="8" uspid="20" ordinal="19" offset="176" sl="39" sc="13" el="39" ec="57" bec="0" bev="0" fileid="1" />
                <SequencePoint vc="8" uspid="21" ordinal="20" offset="185" sl="40" sc="13" el="40" ec="57" bec="0" bev="0" fileid="1" />
                <SequencePoint vc="8" uspid="22" ordinal="21" offset="194" sl="41" sc="13" el="41" ec="50" bec="0" bev="0" fileid="1" />
                <SequencePoint vc="8" uspid="23" ordinal="22" offset="208" sl="42" sc="13" el="42" ec="66" bec="0" bev="0" fileid="1" />
                <SequencePoint vc="8" uspid="24" ordinal="23" offset="225" sl="43" sc="9" el="43" ec="10" bec="0" bev="0" fileid="1" />
              </SequencePoints>
              <BranchPoints />
              <MethodPoint xsi:type="SequencePoint" vc="8" uspid="1" ordinal="0" offset="0" sl="20" sc="9" el="20" ec="10" bec="0" bev="0" fileid="1" />
            </Method>
            <Method visited="true" cyclomaticComplexity="1" nPathComplexity="0" sequenceCoverage="100" branchCoverage="100" crapScore="1" isConstructor="false" isStatic="false" isGetter="false" isSetter="false">
              <Summary numSequencePoints="4" visitedSequencePoints="4" numBranchPoints="1" visitedBranchPoints="1" sequenceCoverage="100" branchCoverage="100" maxCyclomaticComplexity="1" minCyclomaticComplexity="1" maxCrapScore="1" minCrapScore="1" visitedClasses="0" numClasses="0" visitedMethods="1" numMethods="1" />
              <MetadataToken>100663298</MetadataToken>
              <Name>System.Void BookBorrowingSystem.Tests.BackPackFormPresentationModelTests::BackPackFormPresentationModelTest()</Name>
              <FileRef uid="1" />
              <SequencePoints>
                <SequencePoint vc="1" uspid="25" ordinal="0" offset="0" sl="48" sc="9" el="48" ec="10" bec="0" bev="0" fileid="1" />
                <SequencePoint vc="1" uspid="26" ordinal="1" offset="1" sl="49" sc="13" el="49" ec="39" bec="0" bev="0" fileid="1" />
                <SequencePoint vc="1" uspid="27" ordinal="2" offset="13" sl="50" sc="13" el="50" ec="112" bec="0" bev="0" fileid="1" />
                <SequencePoint vc="1" uspid="28" ordinal="3" offset="42" sl="51" sc="9" el="51" ec="10" bec="0" bev="0" fileid="1" />
              </SequencePoints>
              <BranchPoints />
              <MethodPoint xsi:type="SequencePoint" vc="1" uspid="25" ordinal="0" offset="0" sl="48" sc="9" el="48" ec="10" bec="0" bev="0" fileid="1" />
            </Method>
            <Method visited="true" cyclomaticComplexity="1" nPathComplexity="0" sequenceCoverage="100" branchCoverage="100" crapScore="1" isConstructor="false" isStatic="false" isGetter="false" isSetter="false">
              <Summary numSequencePoints="4" visitedSequencePoints="4" numBranchPoints="1" visitedBranchPoints="1" sequenceCoverage="100" branchCoverage="100" maxCyclomaticComplexity="1" minCyclomaticComplexity="1" maxCrapScore="1" minCrapScore="1" visitedClasses="0" numClasses="0" visitedMethods="1" numMethods="1" />
              <MetadataToken>100663299</MetadataToken>
              <Name>System.Void BookBorrowingSystem.Tests.BackPackFormPresentationModelTests::UpdateBorrowListTest()</Name>
              <FileRef uid="1" />
              <SequencePoints>
                <SequencePoint vc="1" uspid="29" ordinal="0" offset="0" sl="56" sc="9" el="56" ec="10" bec="0" bev="0" fileid="1" />
                <SequencePoint vc="1" uspid="30" ordinal="1" offset="1" sl="57" sc="13" el="57" ec="39" bec="0" bev="0" fileid="1" />
                <SequencePoint vc="1" uspid="31" ordinal="2" offset="13" sl="58" sc="13" el="58" ec="112" bec="0" bev="0" fileid="1" />
                <SequencePoint vc="1" uspid="32" ordinal="3" offset="42" sl="59" sc="9" el="59" ec="10" bec="0" bev="0" fileid="1" />
              </SequencePoints>
              <BranchPoints />
              <MethodPoint xsi:type="SequencePoint" vc="1" uspid="29" ordinal="0" offset="0" sl="56" sc="9" el="56" ec="10" bec="0" bev="0" fileid="1" />
            </Method>
            <Method visited="true" cyclomaticComplexity="1" nPathComplexity="0" sequenceCoverage="100" branchCoverage="100" crapScore="1" isConstructor="false" isStatic="false" isGetter="false" isSetter="false">
              <Summary numSequencePoints="7" visitedSequencePoints="7" numBranchPoints="1" visitedBranchPoints="1" sequenceCoverage="100" branchCoverage="100" maxCyclomaticComplexity="1" minCyclomaticComplexity="1" maxCrapScore="1" minCrapScore="1" visitedClasses="0" numClasses="0" visitedMethods="1" numMethods="1" />
              <MetadataToken>100663300</MetadataToken>
              <Name>System.Void BookBorrowingSystem.Tests.BackPackFormPresentationModelTests::GetBorrowListTest()</Name>
              <FileRef uid="1" />
              <SequencePoints>
                <SequencePoint vc="1" uspid="33" ordinal="0" offset="0" sl="64" sc="9" el="64" ec="10" bec="0" bev="0" fileid="1" />
                <SequencePoint vc="1" uspid="34" ordinal="1" offset="1" sl="65" sc="13" el="65" ec="39" bec="0" bev="0" fileid="1" />
                <SequencePoint vc="1" uspid="35" ordinal="2" offset="13" sl="66" sc="13" el="66" ec="83" bec="0" bev="0" fileid="1" />
                <SequencePoint vc="1" uspid="36" ordinal="3" offset="31" sl="67" sc="13" el="67" ec="97" bec="0" bev="0" fileid="1" />
                <SequencePoint vc="1" uspid="37" ordinal="4" offset="53" sl="68" sc="13" el="68" ec="76" bec="0" bev="0" fileid="1" />
                <SequencePoint vc="1" uspid="38" ordinal="5" offset="75" sl="69" sc="13" el="69" ec="69" bec="0" bev="0" fileid="1" />
                <SequencePoint vc="1" uspid="39" ordinal="6" offset="97" sl="70" sc="9" el="70" ec="10" bec="0" bev="0" fileid="1" />
              </SequencePoints>
              <BranchPoints />
              <MethodPoint xsi:type="SequencePoint" vc="1" uspid="33" ordinal="0" offset="0" sl="64" sc="9" el="64" ec="10" bec="0" bev="0" fileid="1" />
            </Method>
            <Method visited="true" cyclomaticComplexity="1" nPathComplexity="0" sequenceCoverage="100" branchCoverage="100" crapScore="1" isConstructor="false" isStatic="false" isGetter="false" isSetter="false">
              <Summary numSequencePoints="7" visitedSequencePoints="7" numBranchPoints="1" visitedBranchPoints="1" sequenceCoverage="100" branchCoverage="100" maxCyclomaticComplexity="1" minCyclomaticComplexity="1" maxCrapScore="1" minCrapScore="1" visitedClasses="0" numClasses="0" visitedMethods="1" numMethods="1" />
              <MetadataToken>100663301</MetadataToken>
              <Name>System.Void BookBorrowingSystem.Tests.BackPackFormPresentationModelTests::GetBorrowListInformationTest()</Name>
              <FileRef uid="1" />
              <SequencePoints>
                <SequencePoint vc="1" uspid="40" ordinal="0" offset="0" sl="75" sc="9" el="75" ec="10" bec="0" bev="0" fileid="1" />
                <SequencePoint vc="1" uspid="41" ordinal="1" offset="1" sl="76" sc="13" el="76" ec="39" bec="0" bev="0" fileid="1" />
                <SequencePoint vc="1" uspid="42" ordinal="2" offset="13" sl="77" sc="13" el="77" ec="112" bec="0" bev="0" fileid="1" />
                <SequencePoint vc="1" uspid="43" ordinal="3" offset="42" sl="78" sc="13" el="78" ec="89" bec="0" bev="0" fileid="1" />
                <SequencePoint vc="1" uspid="44" ordinal="4" offset="71" sl="79" sc="13" el="79" ec="82" bec="0" bev="0" fileid="1" />
                <SequencePoint vc="1" uspid="45" ordinal="5" offset="100" sl="80" sc="13" el="80" ec="99" bec="0" bev="0" fileid="1" />
                <SequencePoint vc="1" uspid="46" ordinal="6" offset="129" sl="81" sc="9" el="81" ec="10" bec="0" bev="0" fileid="1" />
              </SequencePoints>
              <BranchPoints />
              <MethodPoint xsi:type="SequencePoint" vc="1" uspid="40" ordinal="0" offset="0" sl="75" sc="9" el="75" ec="10" bec="0" bev="0" fileid="1" />
            </Method>
            <Method visited="true" cyclomaticComplexity="1" nPathComplexity="0" sequenceCoverage="100" branchCoverage="100" crapScore="1" isConstructor="false" isStatic="false" isGetter="false" isSetter="false">
              <Summary numSequencePoints="8" visitedSequencePoints="8" numBranchPoints="1" visitedBranchPoints="1" sequenceCoverage="100" branchCoverage="100" maxCyclomaticComplexity="1" minCyclomaticComplexity="1" maxCrapScore="1" minCrapScore="1" visitedClasses="0" numClasses="0" visitedMethods="1" numMethods="1" />
              <MetadataToken>100663302</MetadataToken>
              <Name>System.Void BookBorrowingSystem.Tests.BackPackFormPresentationModelTests::RemoveBorrowTest()</Name>
              <FileRef uid="1" />
              <SequencePoints>
                <SequencePoint vc="1" uspid="47" ordinal="0" offset="0" sl="86" sc="9" el="86" ec="10" bec="0" bev="0" fileid="1" />
                <SequencePoint vc="1" uspid="48" ordinal="1" offset="1" sl="87" sc="13" el="87" ec="39" bec="0" bev="0" fileid="1" />
                <SequencePoint vc="1" uspid="49" ordinal="2" offset="13" sl="88" sc="13" el="88" ec="73" bec="0" bev="0" fileid="1" />
                <SequencePoint vc="1" uspid="50" ordinal="3" offset="42" sl="89" sc="13" el="89" ec="39" bec="0" bev="0" fileid="1" />
                <SequencePoint vc="1" uspid="51" ordinal="4" offset="56" sl="90" sc="13" el="90" ec="73" bec="0" bev="0" fileid="1" />
                <SequencePoint vc="1" uspid="52" ordinal="5" offset="85" sl="91" sc="13" el="91" ec="39" bec="0" bev="0" fileid="1" />
                <SequencePoint vc="1" uspid="53" ordinal="6" offset="99" sl="92" sc="13" el="92" ec="73" bec="0" bev="0" fileid="1" />
                <SequencePoint vc="1" uspid="54" ordinal="7" offset="128" sl="93" sc="9" el="93" ec="10" bec="0" bev="0" fileid="1" />
              </SequencePoints>
              <BranchPoints />
              <MethodPoint xsi:type="SequencePoint" vc="1" uspid="47" ordinal="0" offset="0" sl="86" sc="9" el="86" ec="10" bec="0" bev="0" fileid="1" />
            </Method>
            <Method visited="true" cyclomaticComplexity="1" nPathComplexity="0" sequenceCoverage="100" branchCoverage="100" crapScore="1" isConstructor="false" isStatic="false" isGetter="false" isSetter="false">
              <Summary numSequencePoints="6" visitedSequencePoints="6" numBranchPoints="1" visitedBranchPoints="1" sequenceCoverage="100" branchCoverage="100" maxCyclomaticComplexity="1" minCyclomaticComplexity="1" maxCrapScore="1" minCrapScore="1" visitedClasses="0" numClasses="0" visitedMethods="1" numMethods="1" />
              <MetadataToken>100663303</MetadataToken>
              <Name>System.Void BookBorrowingSystem.Tests.BackPackFormPresentationModelTests::IsReturnLegalTest()</Name>
              <FileRef uid="1" />
              <SequencePoints>
                <SequencePoint vc="1" uspid="55" ordinal="0" offset="0" sl="98" sc="9" el="98" ec="10" bec="0" bev="0" fileid="1" />
                <SequencePoint vc="1" uspid="56" ordinal="1" offset="1" sl="99" sc="13" el="99" ec="39" bec="0" bev="0" fileid="1" />
                <SequencePoint vc="1" uspid="57" ordinal="2" offset="13" sl="100" sc="13" el="100" ec="60" bec="0" bev="0" fileid="1" />
                <SequencePoint vc="1" uspid="58" ordinal="3" offset="33" sl="101" sc="13" el="101" ec="60" bec="0" bev="0" fileid="1" />
                <SequencePoint vc="1" uspid="59" ordinal="4" offset="53" sl="102" sc="13" el="102" ec="60" bec="0" bev="0" fileid="1" />
                <SequencePoint vc="1" uspid="60" ordinal="5" offset="73" sl="103" sc="9" el="103" ec="10" bec="0" bev="0" fileid="1" />
              </SequencePoints>
              <BranchPoints />
              <MethodPoint xsi:type="SequencePoint" vc="1" uspid="55" ordinal="0" offset="0" sl="98" sc="9" el="98" ec="10" bec="0" bev="0" fileid="1" />
            </Method>
            <Method visited="true" cyclomaticComplexity="1" nPathComplexity="0" sequenceCoverage="100" branchCoverage="100" crapScore="1" isConstructor="false" isStatic="false" isGetter="false" isSetter="false">
              <Summary numSequencePoints="4" visitedSequencePoints="4" numBranchPoints="1" visitedBranchPoints="1" sequenceCoverage="100" branchCoverage="100" maxCyclomaticComplexity="1" minCyclomaticComplexity="1" maxCrapScore="1" minCrapScore="1" visitedClasses="0" numClasses="0" visitedMethods="1" numMethods="1" />
              <MetadataToken>100663304</MetadataToken>
              <Name>System.Void BookBorrowingSystem.Tests.BackPackFormPresentationModelTests::ReturnSuccessTest()</Name>
              <FileRef uid="1" />
              <SequencePoints>
                <SequencePoint vc="1" uspid="61" ordinal="0" offset="0" sl="108" sc="9" el="108" ec="10" bec="0" bev="0" fileid="1" />
                <SequencePoint vc="1" uspid="62" ordinal="1" offset="1" sl="109" sc="13" el="109" ec="39" bec="0" bev="0" fileid="1" />
                <SequencePoint vc="1" uspid="63" ordinal="2" offset="13" sl="110" sc="13" el="110" ec="111" bec="0" bev="0" fileid="1" />
                <SequencePoint vc="1" uspid="64" ordinal="3" offset="37" sl="111" sc="9" el="111" ec="10" bec="0" bev="0" fileid="1" />
              </SequencePoints>
              <BranchPoints />
              <MethodPoint xsi:type="SequencePoint" vc="1" uspid="61" ordinal="0" offset="0" sl="108" sc="9" el="108" ec="10" bec="0" bev="0" fileid="1" />
            </Method>
            <Method visited="true" cyclomaticComplexity="1" nPathComplexity="0" sequenceCoverage="100" branchCoverage="100" crapScore="1" isConstructor="false" isStatic="false" isGetter="false" isSetter="false">
              <Summary numSequencePoints="7" visitedSequencePoints="7" numBranchPoints="1" visitedBranchPoints="1" sequenceCoverage="100" branchCoverage="100" maxCyclomaticComplexity="1" minCyclomaticComplexity="1" maxCrapScore="1" minCrapScore="1" visitedClasses="0" numClasses="0" visitedMethods="1" numMethods="1" />
              <MetadataToken>100663305</MetadataToken>
              <Name>System.Void BookBorrowingSystem.Tests.BackPackFormPresentationModelTests::ResetBorrowCountTest()</Name>
              <FileRef uid="1" />
              <SequencePoints>
                <SequencePoint vc="1" uspid="65" ordinal="0" offset="0" sl="116" sc="9" el="116" ec="10" bec="0" bev="0" fileid="1" />
                <SequencePoint vc="1" uspid="66" ordinal="1" offset="1" sl="117" sc="13" el="117" ec="39" bec="0" bev="0" fileid="1" />
                <SequencePoint vc="1" uspid="67" ordinal="2" offset="13" sl="118" sc="13" el="118" ec="62" bec="0" bev="0" fileid="1" />
                <SequencePoint vc="1" uspid="68" ordinal="3" offset="36" sl="119" sc="13" el="119" ec="62" bec="0" bev="0" fileid="1" />
                <SequencePoint vc="1" uspid="69" ordinal="4" offset="59" sl="120" sc="13" el="120" ec="39" bec="0" bev="0" fileid="1" />
                <SequencePoint vc="1" uspid="70" ordinal="5" offset="73" sl="121" sc="13" el="121" ec="62" bec="0" bev="0" fileid="1" />
                <SequencePoint vc="1" uspid="71" ordinal="6" offset="96" sl="122" sc="9" el="122" ec="10" bec="0" bev="0" fileid="1" />
              </SequencePoints>
              <BranchPoints />
              <MethodPoint xsi:type="SequencePoint" vc="1" uspid="65" ordinal="0" offset="0" sl="116" sc="9" el="116" ec="10" bec="0" bev="0" fileid="1" />
            </Method>
            <Method visited="false" cyclomaticComplexity="1" nPathComplexity="0" sequenceCoverage="0" branchCoverage="0" crapScore="2" isConstructor="true" isStatic="false" isGetter="false" isSetter="false">
              <Summary numSequencePoints="0" visitedSequencePoints="0" numBranchPoints="0" visitedBranchPoints="0" sequenceCoverage="0" branchCoverage="0" maxCyclomaticComplexity="1" minCyclomaticComplexity="1" maxCrapScore="2" minCrapScore="2" visitedClasses="0" numClasses="0" visitedMethods="0" numMethods="0" />
              <MetadataToken>100663306</MetadataToken>
              <Name>System.Void BookBorrowingSystem.Tests.BackPackFormPresentationModelTests::.ctor()</Name>
              <SequencePoints />
              <BranchPoints />
              <MethodPoint vc="0" uspid="72" ordinal="0" offset="0" />
            </Method>
          </Methods>
        </Class>
        <Class>
          <Summary numSequencePoints="23" visitedSequencePoints="23" numBranchPoints="4" visitedBranchPoints="4" sequenceCoverage="100" branchCoverage="100" maxCyclomaticComplexity="1" minCyclomaticComplexity="1" maxCrapScore="2" minCrapScore="1" visitedClasses="1" numClasses="1" visitedMethods="4" numMethods="4" />
          <FullName>BookBorrowingSystem.Tests.BookAddFormPresentationModelTests</FullName>
          <Methods>
            <Method visited="true" cyclomaticComplexity="1" nPathComplexity="0" sequenceCoverage="100" branchCoverage="100" crapScore="1" isConstructor="false" isStatic="false" isGetter="false" isSetter="false">
              <Summary numSequencePoints="3" visitedSequencePoints="3" numBranchPoints="1" visitedBranchPoints="1" sequenceCoverage="100" branchCoverage="100" maxCyclomaticComplexity="1" minCyclomaticComplexity="1" maxCrapScore="1" minCrapScore="1" visitedClasses="0" numClasses="0" visitedMethods="1" numMethods="1" />
              <MetadataToken>100663307</MetadataToken>
              <Name>System.Void BookBorrowingSystem.Tests.BookAddFormPresentationModelTests::Initialize()</Name>
              <FileRef uid="2" />
              <SequencePoints>
                <SequencePoint vc="3" uspid="73" ordinal="0" offset="0" sl="20" sc="9" el="20" ec="10" bec="0" bev="0" fileid="2" />
                <SequencePoint vc="3" uspid="74" ordinal="1" offset="1" sl="21" sc="13" el="21" ec="62" bec="0" bev="0" fileid="2" />
                <SequencePoint vc="3" uspid="75" ordinal="2" offset="17" sl="22" sc="9" el="22" ec="10" bec="0" bev="0" fileid="2" />
              </SequencePoints>
              <BranchPoints />
              <MethodPoint xsi:type="SequencePoint" vc="3" uspid="73" ordinal="0" offset="0" sl="20" sc="9" el="20" ec="10" bec="0" bev="0" fileid="2" />
            </Method>
            <Method visited="true" cyclomaticComplexity="1" nPathComplexity="0" sequenceCoverage="100" branchCoverage="100" crapScore="1" isConstructor="false" isStatic="false" isGetter="false" isSetter="false">
              <Summary numSequencePoints="6" visitedSequencePoints="6" numBranchPoints="1" visitedBranchPoints="1" sequenceCoverage="100" branchCoverage="100" maxCyclomaticComplexity="1" minCyclomaticComplexity="1" maxCrapScore="1" minCrapScore="1" visitedClasses="0" numClasses="0" visitedMethods="1" numMethods="1" />
              <MetadataToken>100663308</MetadataToken>
              <Name>System.Void BookBorrowingSystem.Tests.BookAddFormPresentationModelTests::BookAddFormPresentationModelTest()</Name>
              <FileRef uid="2" />
              <SequencePoints>
                <SequencePoint vc="1" uspid="76" ordinal="0" offset="0" sl="27" sc="9" el="27" ec="10" bec="0" bev="0" fileid="2" />
                <SequencePoint vc="1" uspid="77" ordinal="1" offset="1" sl="28" sc="13" el="28" ec="68" bec="0" bev="0" fileid="2" />
                <SequencePoint vc="1" uspid="78" ordinal="2" offset="19" sl="29" sc="13" el="29" ec="125" bec="0" bev="0" fileid="2" />
                <SequencePoint vc="1" uspid="79" ordinal="3" offset="41" sl="30" sc="13" el="30" ec="68" bec="0" bev="0" fileid="2" />
                <SequencePoint vc="1" uspid="80" ordinal="4" offset="59" sl="31" sc="13" el="31" ec="123" bec="0" bev="0" fileid="2" />
                <SequencePoint vc="1" uspid="81" ordinal="5" offset="81" sl="32" sc="9" el="32" ec="10" bec="0" bev="0" fileid="2" />
              </SequencePoints>
              <BranchPoints />
              <MethodPoint xsi:type="SequencePoint" vc="1" uspid="76" ordinal="0" offset="0" sl="27" sc="9" el="27" ec="10" bec="0" bev="0" fileid="2" />
            </Method>
            <Method visited="true" cyclomaticComplexity="1" nPathComplexity="0" sequenceCoverage="100" branchCoverage="100" crapScore="1" isConstructor="false" isStatic="false" isGetter="false" isSetter="false">
              <Summary numSequencePoints="6" visitedSequencePoints="6" numBranchPoints="1" visitedBranchPoints="1" sequenceCoverage="100" branchCoverage="100" maxCyclomaticComplexity="1" minCyclomaticComplexity="1" maxCrapScore="1" minCrapScore="1" visitedClasses="0" numClasses="0" visitedMethods="1" numMethods="1" />
              <MetadataToken>100663309</MetadataToken>
              <Name>System.Void BookBorrowingSystem.Tests.BookAddFormPresentationModelTests::GetInformationTest()</Name>
              <FileRef uid="2" />
              <SequencePoints>
                <SequencePoint vc="1" uspid="82" ordinal="0" offset="0" sl="37" sc="9" el="37" ec="10" bec="0" bev="0" fileid="2" />
                <SequencePoint vc="1" uspid="83" ordinal="1" offset="1" sl="38" sc="13" el="38" ec="68" bec="0" bev="0" fileid="2" />
                <SequencePoint vc="1" uspid="84" ordinal="2" offset="19" sl="39" sc="13" el="39" ec="125" bec="0" bev="0" fileid="2" />
                <SequencePoint vc="1" uspid="85" ordinal="3" offset="41" sl="40" sc="13" el="40" ec="68" bec="0" bev="0" fileid="2" />
                <SequencePoint vc="1" uspid="86" ordinal="4" offset="59" sl="41" sc="13" el="41" ec="123" bec="0" bev="0" fileid="2" />
                <SequencePoint vc="1" uspid="87" ordinal="5" offset="81" sl="42" sc="9" el="42" ec="10" bec="0" bev="0" fileid="2" />
              </SequencePoints>
              <BranchPoints />
              <MethodPoint xsi:type="SequencePoint" vc="1" uspid="82" ordinal="0" offset="0" sl="37" sc="9" el="37" ec="10" bec="0" bev="0" fileid="2" />
            </Method>
            <Method visited="true" cyclomaticComplexity="1" nPathComplexity="0" sequenceCoverage="100" branchCoverage="100" crapScore="1" isConstructor="false" isStatic="false" isGetter="false" isSetter="false">
              <Summary numSequencePoints="8" visitedSequencePoints="8" numBranchPoints="1" visitedBranchPoints="1" sequenceCoverage="100" branchCoverage="100" maxCyclomaticComplexity="1" minCyclomaticComplexity="1" maxCrapScore="1" minCrapScore="1" visitedClasses="0" numClasses="0" visitedMethods="1" numMethods="1" />
              <MetadataToken>100663310</MetadataToken>
              <Name>System.Void BookBorrowingSystem.Tests.BookAddFormPresentationModelTests::AddRemainTest()</Name>
              <FileRef uid="2" />
              <SequencePoints>
                <SequencePoint vc="1" uspid="88" ordinal="0" offset="0" sl="47" sc="9" el="47" ec="10" bec="0" bev="0" fileid="2" />
                <SequencePoint vc="1" uspid="89" ordinal="1" offset="1" sl="48" sc="13" el="48" ec="68" bec="0" bev="0" fileid="2" />
                <SequencePoint vc="1" uspid="90" ordinal="2" offset="19" sl="49" sc="13" el="49" ec="35" bec="0" bev="0" fileid="2" />
                <SequencePoint vc="1" uspid="91" ordinal="3" offset="36" sl="50" sc="13" el="50" ec="126" bec="0" bev="0" fileid="2" />
                <SequencePoint vc="1" uspid="92" ordinal="4" offset="58" sl="51" sc="13" el="51" ec="35" bec="0" bev="0" fileid="2" />
                <SequencePoint vc="1" uspid="93" ordinal="5" offset="75" sl="52" sc="13" el="52" ec="126" bec="0" bev="0" fileid="2" />
                <SequencePoint vc="1" uspid="94" ordinal="6" offset="97" sl="53" sc="13" el="53" ec="52" bec="0" bev="0" fileid="2" />
                <SequencePoint vc="1" uspid="95" ordinal="7" offset="119" sl="55" sc="9" el="55" ec="10" bec="0" bev="0" fileid="2" />
              </SequencePoints>
              <BranchPoints />
              <MethodPoint xsi:type="SequencePoint" vc="1" uspid="88" ordinal="0" offset="0" sl="47" sc="9" el="47" ec="10" bec="0" bev="0" fileid="2" />
            </Method>
            <Method visited="false" cyclomaticComplexity="1" nPathComplexity="0" sequenceCoverage="0" branchCoverage="0" crapScore="2" isConstructor="true" isStatic="false" isGetter="false" isSetter="false">
              <Summary numSequencePoints="0" visitedSequencePoints="0" numBranchPoints="0" visitedBranchPoints="0" sequenceCoverage="0" branchCoverage="0" maxCyclomaticComplexity="1" minCyclomaticComplexity="1" maxCrapScore="2" minCrapScore="2" visitedClasses="0" numClasses="0" visitedMethods="0" numMethods="0" />
              <MetadataToken>100663311</MetadataToken>
              <Name>System.Void BookBorrowingSystem.Tests.BookAddFormPresentationModelTests::.ctor()</Name>
              <SequencePoints />
              <BranchPoints />
              <MethodPoint vc="0" uspid="96" ordinal="0" offset="0" />
            </Method>
          </Methods>
        </Class>
        <Class>
          <Summary numSequencePoints="257" visitedSequencePoints="257" numBranchPoints="34" visitedBranchPoints="34" sequenceCoverage="100" branchCoverage="100" maxCyclomaticComplexity="1" minCyclomaticComplexity="1" maxCrapScore="2" minCrapScore="1" visitedClasses="1" numClasses="1" visitedMethods="34" numMethods="34" />
          <FullName>BookBorrowingSystem.Tests.BookBorrowingFormPresentationModelTests</FullName>
          <Methods>
            <Method visited="true" cyclomaticComplexity="1" nPathComplexity="0" sequenceCoverage="100" branchCoverage="100" crapScore="1" isConstructor="false" isStatic="false" isGetter="false" isSetter="false">
              <Summary numSequencePoints="5" visitedSequencePoints="5" numBranchPoints="1" visitedBranchPoints="1" sequenceCoverage="100" branchCoverage="100" maxCyclomaticComplexity="1" minCyclomaticComplexity="1" maxCrapScore="1" minCrapScore="1" visitedClasses="0" numClasses="0" visitedMethods="1" numMethods="1" />
              <MetadataToken>100663312</MetadataToken>
              <Name>System.Void BookBorrowingSystem.Tests.BookBorrowingFormPresentationModelTests::Initialize()</Name>
              <FileRef uid="3" />
              <SequencePoints>
                <SequencePoint vc="33" uspid="97" ordinal="0" offset="0" sl="21" sc="9" el="21" ec="10" bec="0" bev="0" fileid="3" />
                <SequencePoint vc="33" uspid="98" ordinal="1" offset="1" sl="22" sc="13" el="22" ec="62" bec="0" bev="0" fileid="3" />
                <SequencePoint vc="33" uspid="99" ordinal="2" offset="17" sl="23" sc="13" el="23" ec="71" bec="0" bev="0" fileid="3" />
                <SequencePoint vc="33" uspid="100" ordinal="3" offset="34" sl="24" sc="13" el="24" ec="55" bec="0" bev="0" fileid="3" />
                <SequencePoint vc="33" uspid="101" ordinal="4" offset="51" sl="25" sc="9" el="25" ec="10" bec="0" bev="0" fileid="3" />
              </SequencePoints>
              <BranchPoints />
              <MethodPoint xsi:type="SequencePoint" vc="33" uspid="97" ordinal="0" offset="0" sl="21" sc="9" el="21" ec="10" bec="0" bev="0" fileid="3" />
            </Method>
            <Method visited="true" cyclomaticComplexity="1" nPathComplexity="0" sequenceCoverage="100" branchCoverage="100" crapScore="1" isConstructor="false" isStatic="false" isGetter="false" isSetter="false">
              <Summary numSequencePoints="5" visitedSequencePoints="5" numBranchPoints="1" visitedBranchPoints="1" sequenceCoverage="100" branchCoverage="100" maxCyclomaticComplexity="1" minCyclomaticComplexity="1" maxCrapScore="1" minCrapScore="1" visitedClasses="0" numClasses="0" visitedMethods="1" numMethods="1" />
              <MetadataToken>100663313</MetadataToken>
              <Name>System.Void BookBorrowingSystem.Tests.BookBorrowingFormPresentationModelTests::BookBorrowingFormPresentationModelTest()</Name>
              <FileRef uid="3" />
              <SequencePoints>
                <SequencePoint vc="1" uspid="102" ordinal="0" offset="0" sl="30" sc="9" el="30" ec="10" bec="0" bev="0" fileid="3" />
                <SequencePoint vc="1" uspid="103" ordinal="1" offset="1" sl="31" sc="13" el="31" ec="78" bec="0" bev="0" fileid="3" />
                <SequencePoint vc="1" uspid="104" ordinal="2" offset="23" sl="32" sc="13" el="32" ec="83" bec="0" bev="0" fileid="3" />
                <SequencePoint vc="1" uspid="105" ordinal="3" offset="45" sl="33" sc="13" el="33" ec="79" bec="0" bev="0" fileid="3" />
                <SequencePoint vc="1" uspid="106" ordinal="4" offset="67" sl="34" sc="9" el="34" ec="10" bec="0" bev="0" fileid="3" />
              </SequencePoints>
              <BranchPoints />
              <MethodPoint xsi:type="SequencePoint" vc="1" uspid="102" ordinal="0" offset="0" sl="30" sc="9" el="30" ec="10" bec="0" bev="0" fileid="3" />
            </Method>
            <Method visited="true" cyclomaticComplexity="1" nPathComplexity="0" sequenceCoverage="100" branchCoverage="100" crapScore="1" isConstructor="false" isStatic="false" isGetter="false" isSetter="false">
              <Summary numSequencePoints="9" visitedSequencePoints="9" numBranchPoints="1" visitedBranchPoints="1" sequenceCoverage="100" branchCoverage="100" maxCyclomaticComplexity="1" minCyclomaticComplexity="1" maxCrapScore="1" minCrapScore="1" visitedClasses="0" numClasses="0" visitedMethods="1" numMethods="1" />
              <MetadataToken>100663314</MetadataToken>
              <Name>System.Void BookBorrowingSystem.Tests.BookBorrowingFormPresentationModelTests::RefreshInformationTest()</Name>
              <FileRef uid="3" />
              <SequencePoints>
                <SequencePoint vc="1" uspid="107" ordinal="0" offset="0" sl="39" sc="9" el="39" ec="10" bec="0" bev="0" fileid="3" />
                <SequencePoint vc="1" uspid="108" ordinal="1" offset="1" sl="40" sc="13" el="40" ec="38" bec="0" bev="0" fileid="3" />
                <SequencePoint vc="1" uspid="109" ordinal="2" offset="15" sl="41" sc="13" el="41" ec="36" bec="0" bev="0" fileid="3" />
                <SequencePoint vc="1" uspid="110" ordinal="3" offset="27" sl="42" sc="13" el="42" ec="60" bec="0" bev="0" fileid="3" />
                <SequencePoint vc="1" uspid="111" ordinal="4" offset="33" sl="43" sc="13" el="43" ec="65" bec="0" bev="0" fileid="3" />
                <SequencePoint vc="1" uspid="112" ordinal="5" offset="62" sl="44" sc="13" el="44" ec="66" bec="0" bev="0" fileid="3" />
                <SequencePoint vc="1" uspid="113" ordinal="6" offset="86" sl="45" sc="13" el="45" ec="84" bec="0" bev="0" fileid="3" />
                <SequencePoint vc="1" uspid="114" ordinal="7" offset="115" sl="46" sc="13" el="46" ec="82" bec="0" bev="0" fileid="3" />
                <SequencePoint vc="1" uspid="115" ordinal="8" offset="144" sl="47" sc="9" el="47" ec="10" bec="0" bev="0" fileid="3" />
              </SequencePoints>
              <BranchPoints />
              <MethodPoint xsi:type="SequencePoint" vc="1" uspid="107" ordinal="0" offset="0" sl="39" sc="9" el="39" ec="10" bec="0" bev="0" fileid="3" />
            </Method>
            <Method visited="true" cyclomaticComplexity="1" nPathComplexity="0" sequenceCoverage="100" branchCoverage="100" crapScore="1" isConstructor="false" isStatic="false" isGetter="false" isSetter="false">
              <Summary numSequencePoints="7" visitedSequencePoints="7" numBranchPoints="1" visitedBranchPoints="1" sequenceCoverage="100" branchCoverage="100" maxCyclomaticComplexity="1" minCyclomaticComplexity="1" maxCrapScore="1" minCrapScore="1" visitedClasses="0" numClasses="0" visitedMethods="1" numMethods="1" />
              <MetadataToken>100663315</MetadataToken>
              <Name>System.Void BookBorrowingSystem.Tests.BookBorrowingFormPresentationModelTests::ClickNextPageTest()</Name>
              <FileRef uid="3" />
              <SequencePoints>
                <SequencePoint vc="1" uspid="116" ordinal="0" offset="0" sl="52" sc="9" el="52" ec="10" bec="0" bev="0" fileid="3" />
                <SequencePoint vc="1" uspid="117" ordinal="1" offset="1" sl="53" sc="13" el="53" ec="82" bec="0" bev="0" fileid="3" />
                <SequencePoint vc="1" uspid="118" ordinal="2" offset="29" sl="54" sc="13" el="54" ec="36" bec="0" bev="0" fileid="3" />
                <SequencePoint vc="1" uspid="119" ordinal="3" offset="41" sl="55" sc="13" el="55" ec="82" bec="0" bev="0" fileid="3" />
                <SequencePoint vc="1" uspid="120" ordinal="4" offset="69" sl="56" sc="13" el="56" ec="36" bec="0" bev="0" fileid="3" />
                <SequencePoint vc="1" uspid="121" ordinal="5" offset="81" sl="57" sc="13" el="57" ec="82" bec="0" bev="0" fileid="3" />
                <SequencePoint vc="1" uspid="122" ordinal="6" offset="109" sl="58" sc="9" el="58" ec="10" bec="0" bev="0" fileid="3" />
              </SequencePoints>
              <BranchPoints />
              <MethodPoint xsi:type="SequencePoint" vc="1" uspid="116" ordinal="0" offset="0" sl="52" sc="9" el="52" ec="10" bec="0" bev="0" fileid="3" />
            </Method>
            <Method visited="true" cyclomaticComplexity="1" nPathComplexity="0" sequenceCoverage="100" branchCoverage="100" crapScore="1" isConstructor="false" isStatic="false" isGetter="false" isSetter="false">
              <Summary numSequencePoints="11" visitedSequencePoints="11" numBranchPoints="1" visitedBranchPoints="1" sequenceCoverage="100" branchCoverage="100" maxCyclomaticComplexity="1" minCyclomaticComplexity="1" maxCrapScore="1" minCrapScore="1" visitedClasses="0" numClasses="0" visitedMethods="1" numMethods="1" />
              <MetadataToken>100663316</MetadataToken>
              <Name>System.Void BookBorrowingSystem.Tests.BookBorrowingFormPresentationModelTests::ClickPreviousPageTest()</Name>
              <FileRef uid="3" />
              <SequencePoints>
                <SequencePoint vc="1" uspid="123" ordinal="0" offset="0" sl="63" sc="9" el="63" ec="10" bec="0" bev="0" fileid="3" />
                <SequencePoint vc="1" uspid="124" ordinal="1" offset="1" sl="64" sc="13" el="64" ec="82" bec="0" bev="0" fileid="3" />
                <SequencePoint vc="1" uspid="125" ordinal="2" offset="29" sl="65" sc="13" el="65" ec="36" bec="0" bev="0" fileid="3" />
                <SequencePoint vc="1" uspid="126" ordinal="3" offset="41" sl="66" sc="13" el="66" ec="82" bec="0" bev="0" fileid="3" />
                <SequencePoint vc="1" uspid="127" ordinal="4" offset="69" sl="67" sc="13" el="67" ec="36" bec="0" bev="0" fileid="3" />
                <SequencePoint vc="1" uspid="128" ordinal="5" offset="81" sl="68" sc="13" el="68" ec="82" bec="0" bev="0" fileid="3" />
                <SequencePoint vc="1" uspid="129" ordinal="6" offset="109" sl="69" sc="13" el="69" ec="40" bec="0" bev="0" fileid="3" />
                <SequencePoint vc="1" uspid="130" ordinal="7" offset="121" sl="70" sc="13" el="70" ec="82" bec="0" bev="0" fileid="3" />
                <SequencePoint vc="1" uspid="131" ordinal="8" offset="149" sl="71" sc="13" el="71" ec="40" bec="0" bev="0" fileid="3" />
                <SequencePoint vc="1" uspid="132" ordinal="9" offset="161" sl="72" sc="13" el="72" ec="82" bec="0" bev="0" fileid="3" />
                <SequencePoint vc="1" uspid="133" ordinal="10" offset="189" sl="73" sc="9" el="73" ec="10" bec="0" bev="0" fileid="3" />
              </SequencePoints>
              <BranchPoints />
              <MethodPoint xsi:type="SequencePoint" vc="1" uspid="123" ordinal="0" offset="0" sl="63" sc="9" el="63" ec="10" bec="0" bev="0" fileid="3" />
            </Method>
            <Method visited="true" cyclomaticComplexity="1" nPathComplexity="0" sequenceCoverage="100" branchCoverage="100" crapScore="1" isConstructor="false" isStatic="false" isGetter="false" isSetter="false">
              <Summary numSequencePoints="11" visitedSequencePoints="11" numBranchPoints="1" visitedBranchPoints="1" sequenceCoverage="100" branchCoverage="100" maxCyclomaticComplexity="1" minCyclomaticComplexity="1" maxCrapScore="1" minCrapScore="1" visitedClasses="0" numClasses="0" visitedMethods="1" numMethods="1" />
              <MetadataToken>100663317</MetadataToken>
              <Name>System.Void BookBorrowingSystem.Tests.BookBorrowingFormPresentationModelTests::ResetPageTest()</Name>
              <FileRef uid="3" />
              <SequencePoints>
                <SequencePoint vc="1" uspid="134" ordinal="0" offset="0" sl="78" sc="9" el="78" ec="10" bec="0" bev="0" fileid="3" />
                <SequencePoint vc="1" uspid="135" ordinal="1" offset="1" sl="79" sc="13" el="79" ec="82" bec="0" bev="0" fileid="3" />
                <SequencePoint vc="1" uspid="136" ordinal="2" offset="29" sl="80" sc="13" el="80" ec="36" bec="0" bev="0" fileid="3" />
                <SequencePoint vc="1" uspid="137" ordinal="3" offset="41" sl="81" sc="13" el="81" ec="82" bec="0" bev="0" fileid="3" />
                <SequencePoint vc="1" uspid="138" ordinal="4" offset="69" sl="82" sc="13" el="82" ec="36" bec="0" bev="0" fileid="3" />
                <SequencePoint vc="1" uspid="139" ordinal="5" offset="81" sl="83" sc="13" el="83" ec="82" bec="0" bev="0" fileid="3" />
                <SequencePoint vc="1" uspid="140" ordinal="6" offset="109" sl="84" sc="13" el="84" ec="40" bec="0" bev="0" fileid="3" />
                <SequencePoint vc="1" uspid="141" ordinal="7" offset="121" sl="85" sc="13" el="85" ec="82" bec="0" bev="0" fileid="3" />
                <SequencePoint vc="1" uspid="142" ordinal="8" offset="149" sl="86" sc="13" el="86" ec="32" bec="0" bev="0" fileid="3" />
                <SequencePoint vc="1" uspid="143" ordinal="9" offset="161" sl="87" sc="13" el="87" ec="82" bec="0" bev="0" fileid="3" />
                <SequencePoint vc="1" uspid="144" ordinal="10" offset="189" sl="88" sc="9" el="88" ec="10" bec="0" bev="0" fileid="3" />
              </SequencePoints>
              <BranchPoints />
              <MethodPoint xsi:type="SequencePoint" vc="1" uspid="134" ordinal="0" offset="0" sl="78" sc="9" el="78" ec="10" bec="0" bev="0" fileid="3" />
            </Method>
            <Method visited="true" cyclomaticComplexity="1" nPathComplexity="0" sequenceCoverage="100" branchCoverage="100" crapScore="1" isConstructor="false" isStatic="false" isGetter="false" isSetter="false">
              <Summary numSequencePoints="11" visitedSequencePoints="11" numBranchPoints="1" visitedBranchPoints="1" sequenceCoverage="100" branchCoverage="100" maxCyclomaticComplexity="1" minCyclomaticComplexity="1" maxCrapScore="1" minCrapScore="1" visitedClasses="0" numClasses="0" visitedMethods="1" numMethods="1" />
              <MetadataToken>100663318</MetadataToken>
              <Name>System.Void BookBorrowingSystem.Tests.BookBorrowingFormPresentationModelTests::ResetPageTest1()</Name>
              <FileRef uid="3" />
              <SequencePoints>
                <SequencePoint vc="1" uspid="145" ordinal="0" offset="0" sl="93" sc="9" el="93" ec="10" bec="0" bev="0" fileid="3" />
                <SequencePoint vc="1" uspid="146" ordinal="1" offset="1" sl="94" sc="13" el="94" ec="82" bec="0" bev="0" fileid="3" />
                <SequencePoint vc="1" uspid="147" ordinal="2" offset="29" sl="95" sc="13" el="95" ec="36" bec="0" bev="0" fileid="3" />
                <SequencePoint vc="1" uspid="148" ordinal="3" offset="41" sl="96" sc="13" el="96" ec="82" bec="0" bev="0" fileid="3" />
                <SequencePoint vc="1" uspid="149" ordinal="4" offset="69" sl="97" sc="13" el="97" ec="36" bec="0" bev="0" fileid="3" />
                <SequencePoint vc="1" uspid="150" ordinal="5" offset="81" sl="98" sc="13" el="98" ec="82" bec="0" bev="0" fileid="3" />
                <SequencePoint vc="1" uspid="151" ordinal="6" offset="109" sl="99" sc="13" el="99" ec="40" bec="0" bev="0" fileid="3" />
                <SequencePoint vc="1" uspid="152" ordinal="7" offset="121" sl="100" sc="13" el="100" ec="82" bec="0" bev="0" fileid="3" />
                <SequencePoint vc="1" uspid="153" ordinal="8" offset="149" sl="101" sc="13" el="101" ec="39" bec="0" bev="0" fileid="3" />
                <SequencePoint vc="1" uspid="154" ordinal="9" offset="166" sl="102" sc="13" el="102" ec="82" bec="0" bev="0" fileid="3" />
                <SequencePoint vc="1" uspid="155" ordinal="10" offset="194" sl="103" sc="9" el="103" ec="10" bec="0" bev="0" fileid="3" />
              </SequencePoints>
              <BranchPoints />
              <MethodPoint xsi:type="SequencePoint" vc="1" uspid="145" ordinal="0" offset="0" sl="93" sc="9" el="93" ec="10" bec="0" bev="0" fileid="3" />
            </Method>
            <Method visited="true" cyclomaticComplexity="1" nPathComplexity="0" sequenceCoverage="100" branchCoverage="100" crapScore="1" isConstructor="false" isStatic="false" isGetter="false" isSetter="false">
              <Summary numSequencePoints="11" visitedSequencePoints="11" numBranchPoints="1" visitedBranchPoints="1" sequenceCoverage="100" branchCoverage="100" maxCyclomaticComplexity="1" minCyclomaticComplexity="1" maxCrapScore="1" minCrapScore="1" visitedClasses="0" numClasses="0" visitedMethods="1" numMethods="1" />
              <MetadataToken>100663319</MetadataToken>
              <Name>System.Void BookBorrowingSystem.Tests.BookBorrowingFormPresentationModelTests::GetCurrentPageTest()</Name>
              <FileRef uid="3" />
              <SequencePoints>
                <SequencePoint vc="1" uspid="156" ordinal="0" offset="0" sl="108" sc="9" el="108" ec="10" bec="0" bev="0" fileid="3" />
                <SequencePoint vc="1" uspid="157" ordinal="1" offset="1" sl="109" sc="13" el="109" ec="57" bec="0" bev="0" fileid="3" />
                <SequencePoint vc="1" uspid="158" ordinal="2" offset="19" sl="110" sc="13" el="110" ec="36" bec="0" bev="0" fileid="3" />
                <SequencePoint vc="1" uspid="159" ordinal="3" offset="31" sl="111" sc="13" el="111" ec="57" bec="0" bev="0" fileid="3" />
                <SequencePoint vc="1" uspid="160" ordinal="4" offset="49" sl="112" sc="13" el="112" ec="36" bec="0" bev="0" fileid="3" />
                <SequencePoint vc="1" uspid="161" ordinal="5" offset="61" sl="113" sc="13" el="113" ec="57" bec="0" bev="0" fileid="3" />
                <SequencePoint vc="1" uspid="162" ordinal="6" offset="79" sl="114" sc="13" el="114" ec="40" bec="0" bev="0" fileid="3" />
                <SequencePoint vc="1" uspid="163" ordinal="7" offset="91" sl="115" sc="13" el="115" ec="57" bec="0" bev="0" fileid="3" />
                <SequencePoint vc="1" uspid="164" ordinal="8" offset="109" sl="116" sc="13" el="116" ec="32" bec="0" bev="0" fileid="3" />
                <SequencePoint vc="1" uspid="165" ordinal="9" offset="121" sl="117" sc="13" el="117" ec="57" bec="0" bev="0" fileid="3" />
                <SequencePoint vc="1" uspid="166" ordinal="10" offset="139" sl="118" sc="9" el="118" ec="10" bec="0" bev="0" fileid="3" />
              </SequencePoints>
              <BranchPoints />
              <MethodPoint xsi:type="SequencePoint" vc="1" uspid="156" ordinal="0" offset="0" sl="108" sc="9" el="108" ec="10" bec="0" bev="0" fileid="3" />
            </Method>
            <Method visited="true" cyclomaticComplexity="1" nPathComplexity="0" sequenceCoverage="100" branchCoverage="100" crapScore="1" isConstructor="false" isStatic="false" isGetter="false" isSetter="false">
              <Summary numSequencePoints="7" visitedSequencePoints="7" numBranchPoints="1" visitedBranchPoints="1" sequenceCoverage="100" branchCoverage="100" maxCyclomaticComplexity="1" minCyclomaticComplexity="1" maxCrapScore="1" minCrapScore="1" visitedClasses="0" numClasses="0" visitedMethods="1" numMethods="1" />
              <MetadataToken>100663320</MetadataToken>
              <Name>System.Void BookBorrowingSystem.Tests.BookBorrowingFormPresentationModelTests::GetButtonIndexTest()</Name>
              <FileRef uid="3" />
              <SequencePoints>
                <SequencePoint vc="1" uspid="167" ordinal="0" offset="0" sl="123" sc="9" el="123" ec="10" bec="0" bev="0" fileid="3" />
                <SequencePoint vc="1" uspid="168" ordinal="1" offset="1" sl="124" sc="13" el="124" ec="58" bec="0" bev="0" fileid="3" />
                <SequencePoint vc="1" uspid="169" ordinal="2" offset="20" sl="125" sc="13" el="125" ec="58" bec="0" bev="0" fileid="3" />
                <SequencePoint vc="1" uspid="170" ordinal="3" offset="39" sl="126" sc="13" el="126" ec="36" bec="0" bev="0" fileid="3" />
                <SequencePoint vc="1" uspid="171" ordinal="4" offset="51" sl="127" sc="13" el="127" ec="58" bec="0" bev="0" fileid="3" />
                <SequencePoint vc="1" uspid="172" ordinal="5" offset="70" sl="128" sc="13" el="128" ec="58" bec="0" bev="0" fileid="3" />
                <SequencePoint vc="1" uspid="173" ordinal="6" offset="89" sl="129" sc="9" el="129" ec="10" bec="0" bev="0" fileid="3" />
              </SequencePoints>
              <BranchPoints />
              <MethodPoint xsi:type="SequencePoint" vc="1" uspid="167" ordinal="0" offset="0" sl="123" sc="9" el="123" ec="10" bec="0" bev="0" fileid="3" />
            </Method>
            <Method visited="true" cyclomaticComplexity="1" nPathComplexity="0" sequenceCoverage="100" branchCoverage="100" crapScore="1" isConstructor="false" isStatic="false" isGetter="false" isSetter="false">
              <Summary numSequencePoints="5" visitedSequencePoints="5" numBranchPoints="1" visitedBranchPoints="1" sequenceCoverage="100" branchCoverage="100" maxCyclomaticComplexity="1" minCyclomaticComplexity="1" maxCrapScore="1" minCrapScore="1" visitedClasses="0" numClasses="0" visitedMethods="1" numMethods="1" />
              <MetadataToken>100663321</MetadataToken>
              <Name>System.Void BookBorrowingSystem.Tests.BookBorrowingFormPresentationModelTests::SetButtonQuantityTest()</Name>
              <FileRef uid="3" />
              <SequencePoints>
                <SequencePoint vc="1" uspid="174" ordinal="0" offset="0" sl="134" sc="9" el="134" ec="10" bec="0" bev="0" fileid="3" />
                <SequencePoint vc="1" uspid="175" ordinal="1" offset="1" sl="135" sc="13" el="135" ec="47" bec="0" bev="0" fileid="3" />
                <SequencePoint vc="1" uspid="176" ordinal="2" offset="18" sl="136" sc="13" el="136" ec="85" bec="0" bev="0" fileid="3" />
                <SequencePoint vc="1" uspid="177" ordinal="3" offset="46" sl="137" sc="13" el="137" ec="78" bec="0" bev="0" fileid="3" />
                <SequencePoint vc="1" uspid="178" ordinal="4" offset="74" sl="138" sc="9" el="138" ec="10" bec="0" bev="0" fileid="3" />
              </SequencePoints>
              <BranchPoints />
              <MethodPoint xsi:type="SequencePoint" vc="1" uspid="174" ordinal="0" offset="0" sl="134" sc="9" el="134" ec="10" bec="0" bev="0" fileid="3" />
            </Method>
            <Method visited="true" cyclomaticComplexity="1" nPathComplexity="0" sequenceCoverage="100" branchCoverage="100" crapScore="1" isConstructor="false" isStatic="false" isGetter="false" isSetter="false">
              <Summary numSequencePoints="6" visitedSequencePoints="6" numBranchPoints="1" visitedBranchPoints="1" sequenceCoverage="100" branchCoverage="100" maxCyclomaticComplexity="1" minCyclomaticComplexity="1" maxCrapScore="1" minCrapScore="1" visitedClasses="0" numClasses="0" visitedMethods="1" numMethods="1" />
              <MetadataToken>100663322</MetadataToken>
              <Name>System.Void BookBorrowingSystem.Tests.BookBorrowingFormPresentationModelTests::GetButtonCountTest()</Name>
              <FileRef uid="3" />
              <SequencePoints>
                <SequencePoint vc="1" uspid="179" ordinal="0" offset="0" sl="143" sc="9" el="143" ec="10" bec="0" bev="0" fileid="3" />
                <SequencePoint vc="1" uspid="180" ordinal="1" offset="1" sl="144" sc="13" el="144" ec="47" bec="0" bev="0" fileid="3" />
                <SequencePoint vc="1" uspid="181" ordinal="2" offset="18" sl="145" sc="13" el="145" ec="64" bec="0" bev="0" fileid="3" />
                <SequencePoint vc="1" uspid="182" ordinal="3" offset="41" sl="146" sc="13" el="146" ec="36" bec="0" bev="0" fileid="3" />
                <SequencePoint vc="1" uspid="183" ordinal="4" offset="53" sl="147" sc="13" el="147" ec="64" bec="0" bev="0" fileid="3" />
                <SequencePoint vc="1" uspid="184" ordinal="5" offset="76" sl="148" sc="9" el="148" ec="10" bec="0" bev="0" fileid="3" />
              </SequencePoints>
              <BranchPoints />
              <MethodPoint xsi:type="SequencePoint" vc="1" uspid="179" ordinal="0" offset="0" sl="143" sc="9" el="143" ec="10" bec="0" bev="0" fileid="3" />
            </Method>
            <Method visited="true" cyclomaticComplexity="1" nPathComplexity="0" sequenceCoverage="100" branchCoverage="100" crapScore="1" isConstructor="false" isStatic="false" isGetter="false" isSetter="false">
              <Summary numSequencePoints="4" visitedSequencePoints="4" numBranchPoints="1" visitedBranchPoints="1" sequenceCoverage="100" branchCoverage="100" maxCyclomaticComplexity="1" minCyclomaticComplexity="1" maxCrapScore="1" minCrapScore="1" visitedClasses="0" numClasses="0" visitedMethods="1" numMethods="1" />
              <MetadataToken>100663323</MetadataToken>
              <Name>System.Void BookBorrowingSystem.Tests.BookBorrowingFormPresentationModelTests::SetCurrentPageTest()</Name>
              <FileRef uid="3" />
              <SequencePoints>
                <SequencePoint vc="1" uspid="185" ordinal="0" offset="0" sl="153" sc="9" el="153" ec="10" bec="0" bev="0" fileid="3" />
                <SequencePoint vc="1" uspid="186" ordinal="1" offset="1" sl="154" sc="13" el="154" ec="47" bec="0" bev="0" fileid="3" />
                <SequencePoint vc="1" uspid="187" ordinal="2" offset="18" sl="155" sc="13" el="155" ec="68" bec="0" bev="0" fileid="3" />
                <SequencePoint vc="1" uspid="188" ordinal="3" offset="40" sl="156" sc="9" el="156" ec="10" bec="0" bev="0" fileid="3" />
              </SequencePoints>
              <BranchPoints />
              <MethodPoint xsi:type="SequencePoint" vc="1" uspid="185" ordinal="0" offset="0" sl="153" sc="9" el="153" ec="10" bec="0" bev="0" fileid="3" />
            </Method>
            <Method visited="true" cyclomaticComplexity="1" nPathComplexity="0" sequenceCoverage="100" branchCoverage="100" crapScore="1" isConstructor="false" isStatic="false" isGetter="false" isSetter="false">
              <Summary numSequencePoints="8" visitedSequencePoints="8" numBranchPoints="1" visitedBranchPoints="1" sequenceCoverage="100" branchCoverage="100" maxCyclomaticComplexity="1" minCyclomaticComplexity="1" maxCrapScore="1" minCrapScore="1" visitedClasses="0" numClasses="0" visitedMethods="1" numMethods="1" />
              <MetadataToken>100663324</MetadataToken>
              <Name>System.Void BookBorrowingSystem.Tests.BookBorrowingFormPresentationModelTests::SetSelectedTest()</Name>
              <FileRef uid="3" />
              <SequencePoints>
                <SequencePoint vc="1" uspid="189" ordinal="0" offset="0" sl="161" sc="9" el="161" ec="10" bec="0" bev="0" fileid="3" />
                <SequencePoint vc="1" uspid="190" ordinal="1" offset="1" sl="162" sc="13" el="162" ec="38" bec="0" bev="0" fileid="3" />
                <SequencePoint vc="1" uspid="191" ordinal="2" offset="15" sl="163" sc="13" el="163" ec="60" bec="0" bev="0" fileid="3" />
                <SequencePoint vc="1" uspid="192" ordinal="3" offset="33" sl="164" sc="13" el="164" ec="93" bec="0" bev="0" fileid="3" />
                <SequencePoint vc="1" uspid="193" ordinal="4" offset="56" sl="165" sc="13" el="165" ec="38" bec="0" bev="0" fileid="3" />
                <SequencePoint vc="1" uspid="194" ordinal="5" offset="70" sl="166" sc="13" el="166" ec="51" bec="0" bev="0" fileid="3" />
                <SequencePoint vc="1" uspid="195" ordinal="6" offset="88" sl="167" sc="13" el="167" ec="93" bec="0" bev="0" fileid="3" />
                <SequencePoint vc="1" uspid="196" ordinal="7" offset="111" sl="168" sc="9" el="168" ec="10" bec="0" bev="0" fileid="3" />
              </SequencePoints>
              <BranchPoints />
              <MethodPoint xsi:type="SequencePoint" vc="1" uspid="189" ordinal="0" offset="0" sl="161" sc="9" el="161" ec="10" bec="0" bev="0" fileid="3" />
            </Method>
            <Method visited="true" cyclomaticComplexity="1" nPathComplexity="0" sequenceCoverage="100" branchCoverage="100" crapScore="1" isConstructor="false" isStatic="false" isGetter="false" isSetter="false">
              <Summary numSequencePoints="5" visitedSequencePoints="5" numBranchPoints="1" visitedBranchPoints="1" sequenceCoverage="100" branchCoverage="100" maxCyclomaticComplexity="1" minCyclomaticComplexity="1" maxCrapScore="1" minCrapScore="1" visitedClasses="0" numClasses="0" visitedMethods="1" numMethods="1" />
              <MetadataToken>100663325</MetadataToken>
              <Name>System.Void BookBorrowingSystem.Tests.BookBorrowingFormPresentationModelTests::IsPreviousEnableTest()</Name>
              <FileRef uid="3" />
              <SequencePoints>
                <SequencePoint vc="1" uspid="197" ordinal="0" offset="0" sl="173" sc="9" el="173" ec="10" bec="0" bev="0" fileid="3" />
                <SequencePoint vc="1" uspid="198" ordinal="1" offset="1" sl="174" sc="13" el="174" ec="55" bec="0" bev="0" fileid="3" />
                <SequencePoint vc="1" uspid="199" ordinal="2" offset="18" sl="175" sc="13" el="175" ec="36" bec="0" bev="0" fileid="3" />
                <SequencePoint vc="1" uspid="200" ordinal="3" offset="30" sl="176" sc="13" el="176" ec="54" bec="0" bev="0" fileid="3" />
                <SequencePoint vc="1" uspid="201" ordinal="4" offset="47" sl="177" sc="9" el="177" ec="10" bec="0" bev="0" fileid="3" />
              </SequencePoints>
              <BranchPoints />
              <MethodPoint xsi:type="SequencePoint" vc="1" uspid="197" ordinal="0" offset="0" sl="173" sc="9" el="173" ec="10" bec="0" bev="0" fileid="3" />
            </Method>
            <Method visited="true" cyclomaticComplexity="1" nPathComplexity="0" sequenceCoverage="100" branchCoverage="100" crapScore="1" isConstructor="false" isStatic="false" isGetter="false" isSetter="false">
              <Summary numSequencePoints="6" visitedSequencePoints="6" numBranchPoints="1" visitedBranchPoints="1" sequenceCoverage="100" branchCoverage="100" maxCyclomaticComplexity="1" minCyclomaticComplexity="1" maxCrapScore="1" minCrapScore="1" visitedClasses="0" numClasses="0" visitedMethods="1" numMethods="1" />
              <MetadataToken>100663326</MetadataToken>
              <Name>System.Void BookBorrowingSystem.Tests.BookBorrowingFormPresentationModelTests::IsNextEnableTest()</Name>
              <FileRef uid="3" />
              <SequencePoints>
                <SequencePoint vc="1" uspid="202" ordinal="0" offset="0" sl="182" sc="9" el="182" ec="10" bec="0" bev="0" fileid="3" />
                <SequencePoint vc="1" uspid="203" ordinal="1" offset="1" sl="183" sc="13" el="183" ec="47" bec="0" bev="0" fileid="3" />
                <SequencePoint vc="1" uspid="204" ordinal="2" offset="18" sl="184" sc="13" el="184" ec="50" bec="0" bev="0" fileid="3" />
                <SequencePoint vc="1" uspid="205" ordinal="3" offset="35" sl="185" sc="13" el="185" ec="36" bec="0" bev="0" fileid="3" />
                <SequencePoint vc="1" uspid="206" ordinal="4" offset="47" sl="186" sc="13" el="186" ec="51" bec="0" bev="0" fileid="3" />
                <SequencePoint vc="1" uspid="207" ordinal="5" offset="64" sl="187" sc="9" el="187" ec="10" bec="0" bev="0" fileid="3" />
              </SequencePoints>
              <BranchPoints />
              <MethodPoint xsi:type="SequencePoint" vc="1" uspid="202" ordinal="0" offset="0" sl="182" sc="9" el="182" ec="10" bec="0" bev="0" fileid="3" />
            </Method>
            <Method visited="true" cyclomaticComplexity="1" nPathComplexity="0" sequenceCoverage="100" branchCoverage="100" crapScore="1" isConstructor="false" isStatic="false" isGetter="false" isSetter="false">
              <Summary numSequencePoints="4" visitedSequencePoints="4" numBranchPoints="1" visitedBranchPoints="1" sequenceCoverage="100" branchCoverage="100" maxCyclomaticComplexity="1" minCyclomaticComplexity="1" maxCrapScore="1" minCrapScore="1" visitedClasses="0" numClasses="0" visitedMethods="1" numMethods="1" />
              <MetadataToken>100663327</MetadataToken>
              <Name>System.Void BookBorrowingSystem.Tests.BookBorrowingFormPresentationModelTests::GetButtonImageTest()</Name>
              <FileRef uid="3" />
              <SequencePoints>
                <SequencePoint vc="1" uspid="208" ordinal="0" offset="0" sl="192" sc="9" el="192" ec="10" bec="0" bev="0" fileid="3" />
                <SequencePoint vc="1" uspid="209" ordinal="1" offset="1" sl="193" sc="13" el="193" ec="55" bec="0" bev="0" fileid="3" />
                <SequencePoint vc="1" uspid="210" ordinal="2" offset="15" sl="194" sc="13" el="194" ec="60" bec="0" bev="0" fileid="3" />
                <SequencePoint vc="1" uspid="211" ordinal="3" offset="27" sl="195" sc="9" el="195" ec="10" bec="0" bev="0" fileid="3" />
              </SequencePoints>
              <BranchPoints />
              <MethodPoint xsi:type="SequencePoint" vc="1" uspid="208" ordinal="0" offset="0" sl="192" sc="9" el="192" ec="10" bec="0" bev="0" fileid="3" />
            </Method>
            <Method visited="true" cyclomaticComplexity="1" nPathComplexity="0" sequenceCoverage="100" branchCoverage="100" crapScore="1" isConstructor="false" isStatic="false" isGetter="false" isSetter="false">
              <Summary numSequencePoints="11" visitedSequencePoints="11" numBranchPoints="1" visitedBranchPoints="1" sequenceCoverage="100" branchCoverage="100" maxCyclomaticComplexity="1" minCyclomaticComplexity="1" maxCrapScore="1" minCrapScore="1" visitedClasses="0" numClasses="0" visitedMethods="1" numMethods="1" />
              <MetadataToken>100663328</MetadataToken>
              <Name>System.Void BookBorrowingSystem.Tests.BookBorrowingFormPresentationModelTests::AddBorrowListTest()</Name>
              <FileRef uid="3" />
              <SequencePoints>
                <SequencePoint vc="1" uspid="212" ordinal="0" offset="0" sl="200" sc="9" el="200" ec="10" bec="0" bev="0" fileid="3" />
                <SequencePoint vc="1" uspid="213" ordinal="1" offset="1" sl="201" sc="13" el="201" ec="38" bec="0" bev="0" fileid="3" />
                <SequencePoint vc="1" uspid="214" ordinal="2" offset="15" sl="202" sc="13" el="202" ec="36" bec="0" bev="0" fileid="3" />
                <SequencePoint vc="1" uspid="215" ordinal="3" offset="27" sl="203" sc="13" el="203" ec="38" bec="0" bev="0" fileid="3" />
                <SequencePoint vc="1" uspid="216" ordinal="4" offset="41" sl="204" sc="13" el="204" ec="36" bec="0" bev="0" fileid="3" />
                <SequencePoint vc="1" uspid="217" ordinal="5" offset="53" sl="205" sc="13" el="205" ec="67" bec="0" bev="0" fileid="3" />
                <SequencePoint vc="1" uspid="218" ordinal="6" offset="75" sl="206" sc="13" el="206" ec="60" bec="0" bev="0" fileid="3" />
                <SequencePoint vc="1" uspid="219" ordinal="7" offset="93" sl="207" sc="13" el="207" ec="61" bec="0" bev="0" fileid="3" />
                <SequencePoint vc="1" uspid="220" ordinal="8" offset="111" sl="208" sc="13" el="208" ec="92" bec="0" bev="0" fileid="3" />
                <SequencePoint vc="1" uspid="221" ordinal="9" offset="145" sl="209" sc="13" el="209" ec="93" bec="0" bev="0" fileid="3" />
                <SequencePoint vc="1" uspid="222" ordinal="10" offset="179" sl="210" sc="9" el="210" ec="10" bec="0" bev="0" fileid="3" />
              </SequencePoints>
              <BranchPoints />
              <MethodPoint xsi:type="SequencePoint" vc="1" uspid="212" ordinal="0" offset="0" sl="200" sc="9" el="200" ec="10" bec="0" bev="0" fileid="3" />
            </Method>
            <Method visited="true" cyclomaticComplexity="1" nPathComplexity="0" sequenceCoverage="100" branchCoverage="100" crapScore="1" isConstructor="false" isStatic="false" isGetter="false" isSetter="false">
              <Summary numSequencePoints="12" visitedSequencePoints="12" numBranchPoints="1" visitedBranchPoints="1" sequenceCoverage="100" branchCoverage="100" maxCyclomaticComplexity="1" minCyclomaticComplexity="1" maxCrapScore="1" minCrapScore="1" visitedClasses="0" numClasses="0" visitedMethods="1" numMethods="1" />
              <MetadataToken>100663329</MetadataToken>
              <Name>System.Void BookBorrowingSystem.Tests.BookBorrowingFormPresentationModelTests::RemoveBorrowTest()</Name>
              <FileRef uid="3" />
              <SequencePoints>
                <SequencePoint vc="1" uspid="223" ordinal="0" offset="0" sl="215" sc="9" el="215" ec="10" bec="0" bev="0" fileid="3" />
                <SequencePoint vc="1" uspid="224" ordinal="1" offset="1" sl="216" sc="13" el="216" ec="38" bec="0" bev="0" fileid="3" />
                <SequencePoint vc="1" uspid="225" ordinal="2" offset="15" sl="217" sc="13" el="217" ec="36" bec="0" bev="0" fileid="3" />
                <SequencePoint vc="1" uspid="226" ordinal="3" offset="27" sl="218" sc="13" el="218" ec="69" bec="0" bev="0" fileid="3" />
                <SequencePoint vc="1" uspid="227" ordinal="4" offset="56" sl="219" sc="13" el="219" ec="38" bec="0" bev="0" fileid="3" />
                <SequencePoint vc="1" uspid="228" ordinal="5" offset="70" sl="220" sc="13" el="220" ec="36" bec="0" bev="0" fileid="3" />
                <SequencePoint vc="1" uspid="229" ordinal="6" offset="82" sl="221" sc="13" el="221" ec="62" bec="0" bev="0" fileid="3" />
                <SequencePoint vc="1" uspid="230" ordinal="7" offset="105" sl="222" sc="13" el="222" ec="36" bec="0" bev="0" fileid="3" />
                <SequencePoint vc="1" uspid="231" ordinal="8" offset="118" sl="223" sc="13" el="223" ec="62" bec="0" bev="0" fileid="3" />
                <SequencePoint vc="1" uspid="232" ordinal="9" offset="141" sl="224" sc="13" el="224" ec="36" bec="0" bev="0" fileid="3" />
                <SequencePoint vc="1" uspid="233" ordinal="10" offset="154" sl="225" sc="13" el="225" ec="62" bec="0" bev="0" fileid="3" />
                <SequencePoint vc="1" uspid="234" ordinal="11" offset="177" sl="226" sc="9" el="226" ec="10" bec="0" bev="0" fileid="3" />
              </SequencePoints>
              <BranchPoints />
              <MethodPoint xsi:type="SequencePoint" vc="1" uspid="223" ordinal="0" offset="0" sl="215" sc="9" el="215" ec="10" bec="0" bev="0" fileid="3" />
            </Method>
            <Method visited="true" cyclomaticComplexity="1" nPathComplexity="0" sequenceCoverage="100" branchCoverage="100" crapScore="1" isConstructor="false" isStatic="false" isGetter="false" isSetter="false">
              <Summary numSequencePoints="3" visitedSequencePoints="3" numBranchPoints="1" visitedBranchPoints="1" sequenceCoverage="100" branchCoverage="100" maxCyclomaticComplexity="1" minCyclomaticComplexity="1" maxCrapScore="1" minCrapScore="1" visitedClasses="0" numClasses="0" visitedMethods="1" numMethods="1" />
              <MetadataToken>100663330</MetadataToken>
              <Name>System.Void BookBorrowingSystem.Tests.BookBorrowingFormPresentationModelTests::IsCheckBackPackEnableTest()</Name>
              <FileRef uid="3" />
              <SequencePoints>
                <SequencePoint vc="1" uspid="235" ordinal="0" offset="0" sl="231" sc="9" el="231" ec="10" bec="0" bev="0" fileid="3" />
                <SequencePoint vc="1" uspid="236" ordinal="1" offset="1" sl="232" sc="13" el="232" ec="60" bec="0" bev="0" fileid="3" />
                <SequencePoint vc="1" uspid="237" ordinal="2" offset="18" sl="233" sc="9" el="233" ec="10" bec="0" bev="0" fileid="3" />
              </SequencePoints>
              <BranchPoints />
              <MethodPoint xsi:type="SequencePoint" vc="1" uspid="235" ordinal="0" offset="0" sl="231" sc="9" el="231" ec="10" bec="0" bev="0" fileid="3" />
            </Method>
            <Method visited="true" cyclomaticComplexity="1" nPathComplexity="0" sequenceCoverage="100" branchCoverage="100" crapScore="1" isConstructor="false" isStatic="false" isGetter="false" isSetter="false">
              <Summary numSequencePoints="15" visitedSequencePoints="15" numBranchPoints="1" visitedBranchPoints="1" sequenceCoverage="100" branchCoverage="100" maxCyclomaticComplexity="1" minCyclomaticComplexity="1" maxCrapScore="1" minCrapScore="1" visitedClasses="0" numClasses="0" visitedMethods="1" numMethods="1" />
              <MetadataToken>100663331</MetadataToken>
              <Name>System.Void BookBorrowingSystem.Tests.BookBorrowingFormPresentationModelTests::IsMoreThanFiveTest()</Name>
              <FileRef uid="3" />
              <SequencePoints>
                <SequencePoint vc="1" uspid="238" ordinal="0" offset="0" sl="238" sc="9" el="238" ec="10" bec="0" bev="0" fileid="3" />
                <SequencePoint vc="1" uspid="239" ordinal="1" offset="1" sl="239" sc="13" el="239" ec="53" bec="0" bev="0" fileid="3" />
                <SequencePoint vc="1" uspid="240" ordinal="2" offset="18" sl="240" sc="13" el="240" ec="38" bec="0" bev="0" fileid="3" />
                <SequencePoint vc="1" uspid="241" ordinal="3" offset="32" sl="241" sc="13" el="241" ec="36" bec="0" bev="0" fileid="3" />
                <SequencePoint vc="1" uspid="242" ordinal="4" offset="44" sl="242" sc="13" el="242" ec="69" bec="0" bev="0" fileid="3" />
                <SequencePoint vc="1" uspid="243" ordinal="5" offset="73" sl="243" sc="13" el="243" ec="53" bec="0" bev="0" fileid="3" />
                <SequencePoint vc="1" uspid="244" ordinal="6" offset="90" sl="244" sc="13" el="244" ec="38" bec="0" bev="0" fileid="3" />
                <SequencePoint vc="1" uspid="245" ordinal="7" offset="104" sl="245" sc="13" el="245" ec="36" bec="0" bev="0" fileid="3" />
                <SequencePoint vc="1" uspid="246" ordinal="8" offset="116" sl="246" sc="13" el="246" ec="69" bec="0" bev="0" fileid="3" />
                <SequencePoint vc="1" uspid="247" ordinal="9" offset="145" sl="247" sc="13" el="247" ec="53" bec="0" bev="0" fileid="3" />
                <SequencePoint vc="1" uspid="248" ordinal="10" offset="162" sl="248" sc="13" el="248" ec="38" bec="0" bev="0" fileid="3" />
                <SequencePoint vc="1" uspid="249" ordinal="11" offset="176" sl="249" sc="13" el="249" ec="36" bec="0" bev="0" fileid="3" />
                <SequencePoint vc="1" uspid="250" ordinal="12" offset="188" sl="250" sc="13" el="250" ec="69" bec="0" bev="0" fileid="3" />
                <SequencePoint vc="1" uspid="251" ordinal="13" offset="217" sl="251" sc="13" el="251" ec="52" bec="0" bev="0" fileid="3" />
                <SequencePoint vc="1" uspid="252" ordinal="14" offset="234" sl="252" sc="9" el="252" ec="10" bec="0" bev="0" fileid="3" />
              </SequencePoints>
              <BranchPoints />
              <MethodPoint xsi:type="SequencePoint" vc="1" uspid="238" ordinal="0" offset="0" sl="238" sc="9" el="238" ec="10" bec="0" bev="0" fileid="3" />
            </Method>
            <Method visited="true" cyclomaticComplexity="1" nPathComplexity="0" sequenceCoverage="100" branchCoverage="100" crapScore="1" isConstructor="false" isStatic="false" isGetter="false" isSetter="false">
              <Summary numSequencePoints="5" visitedSequencePoints="5" numBranchPoints="1" visitedBranchPoints="1" sequenceCoverage="100" branchCoverage="100" maxCyclomaticComplexity="1" minCyclomaticComplexity="1" maxCrapScore="1" minCrapScore="1" visitedClasses="0" numClasses="0" visitedMethods="1" numMethods="1" />
              <MetadataToken>100663332</MetadataToken>
              <Name>System.Void BookBorrowingSystem.Tests.BookBorrowingFormPresentationModelTests::CheckRemainTest()</Name>
              <FileRef uid="3" />
              <SequencePoints>
                <SequencePoint vc="1" uspid="253" ordinal="0" offset="0" sl="257" sc="9" el="257" ec="10" bec="0" bev="0" fileid="3" />
                <SequencePoint vc="1" uspid="254" ordinal="1" offset="1" sl="258" sc="13" el="258" ec="97" bec="0" bev="0" fileid="3" />
                <SequencePoint vc="1" uspid="255" ordinal="2" offset="25" sl="259" sc="13" el="259" ec="99" bec="0" bev="0" fileid="3" />
                <SequencePoint vc="1" uspid="256" ordinal="3" offset="49" sl="260" sc="13" el="260" ec="99" bec="0" bev="0" fileid="3" />
                <SequencePoint vc="1" uspid="257" ordinal="4" offset="73" sl="261" sc="9" el="261" ec="10" bec="0" bev="0" fileid="3" />
              </SequencePoints>
              <BranchPoints />
              <MethodPoint xsi:type="SequencePoint" vc="1" uspid="253" ordinal="0" offset="0" sl="257" sc="9" el="257" ec="10" bec="0" bev="0" fileid="3" />
            </Method>
            <Method visited="true" cyclomaticComplexity="1" nPathComplexity="0" sequenceCoverage="100" branchCoverage="100" crapScore="1" isConstructor="false" isStatic="false" isGetter="false" isSetter="false">
              <Summary numSequencePoints="11" visitedSequencePoints="11" numBranchPoints="1" visitedBranchPoints="1" sequenceCoverage="100" branchCoverage="100" maxCyclomaticComplexity="1" minCyclomaticComplexity="1" maxCrapScore="1" minCrapScore="1" visitedClasses="0" numClasses="0" visitedMethods="1" numMethods="1" />
              <MetadataToken>100663333</MetadataToken>
              <Name>System.Void BookBorrowingSystem.Tests.BookBorrowingFormPresentationModelTests::GetBorrowingCountTest()</Name>
              <FileRef uid="3" />
              <SequencePoints>
                <SequencePoint vc="1" uspid="258" ordinal="0" offset="0" sl="266" sc="9" el="266" ec="10" bec="0" bev="0" fileid="3" />
                <SequencePoint vc="1" uspid="259" ordinal="1" offset="1" sl="267" sc="13" el="267" ec="67" bec="0" bev="0" fileid="3" />
                <SequencePoint vc="1" uspid="260" ordinal="2" offset="23" sl="268" sc="13" el="268" ec="38" bec="0" bev="0" fileid="3" />
                <SequencePoint vc="1" uspid="261" ordinal="3" offset="37" sl="269" sc="13" el="269" ec="36" bec="0" bev="0" fileid="3" />
                <SequencePoint vc="1" uspid="262" ordinal="4" offset="49" sl="270" sc="13" el="270" ec="69" bec="0" bev="0" fileid="3" />
                <SequencePoint vc="1" uspid="263" ordinal="5" offset="78" sl="271" sc="13" el="271" ec="67" bec="0" bev="0" fileid="3" />
                <SequencePoint vc="1" uspid="264" ordinal="6" offset="100" sl="272" sc="13" el="272" ec="38" bec="0" bev="0" fileid="3" />
                <SequencePoint vc="1" uspid="265" ordinal="7" offset="114" sl="273" sc="13" el="273" ec="36" bec="0" bev="0" fileid="3" />
                <SequencePoint vc="1" uspid="266" ordinal="8" offset="126" sl="274" sc="13" el="274" ec="69" bec="0" bev="0" fileid="3" />
                <SequencePoint vc="1" uspid="267" ordinal="9" offset="155" sl="275" sc="13" el="275" ec="67" bec="0" bev="0" fileid="3" />
                <SequencePoint vc="1" uspid="268" ordinal="10" offset="177" sl="276" sc="9" el="276" ec="10" bec="0" bev="0" fileid="3" />
              </SequencePoints>
              <BranchPoints />
              <MethodPoint xsi:type="SequencePoint" vc="1" uspid="258" ordinal="0" offset="0" sl="266" sc="9" el="266" ec="10" bec="0" bev="0" fileid="3" />
            </Method>
            <Method visited="true" cyclomaticComplexity="1" nPathComplexity="0" sequenceCoverage="100" branchCoverage="100" crapScore="1" isConstructor="false" isStatic="false" isGetter="false" isSetter="false">
              <Summary numSequencePoints="12" visitedSequencePoints="12" numBranchPoints="1" visitedBranchPoints="1" sequenceCoverage="100" branchCoverage="100" maxCyclomaticComplexity="1" minCyclomaticComplexity="1" maxCrapScore="1" minCrapScore="1" visitedClasses="0" numClasses="0" visitedMethods="1" numMethods="1" />
              <MetadataToken>100663334</MetadataToken>
              <Name>System.Void BookBorrowingSystem.Tests.BookBorrowingFormPresentationModelTests::IsAddToBorrowingListEnableTest()</Name>
              <FileRef uid="3" />
              <SequencePoints>
                <SequencePoint vc="1" uspid="269" ordinal="0" offset="0" sl="281" sc="9" el="281" ec="10" bec="0" bev="0" fileid="3" />
                <SequencePoint vc="1" uspid="270" ordinal="1" offset="1" sl="282" sc="13" el="282" ec="38" bec="0" bev="0" fileid="3" />
                <SequencePoint vc="1" uspid="271" ordinal="2" offset="15" sl="283" sc="13" el="283" ec="36" bec="0" bev="0" fileid="3" />
                <SequencePoint vc="1" uspid="272" ordinal="3" offset="27" sl="284" sc="13" el="284" ec="38" bec="0" bev="0" fileid="3" />
[...]
            </Method>
            <Method visited="false" cyclomaticComplexity="1" nPathComplexity="0" sequenceCoverage="0" branchCoverage="0" crapScore="2" isConstructor="false" isStatic="false" isGetter="false" isSetter="false">
              <Summary numSequencePoints="49" visitedSequencePoints="0" numBranchPoints="1" visitedBranchPoints="0" sequenceCoverage="0" branchCoverage="0" maxCyclomaticComplexity="1" minCyclomaticComplexity="1" maxCrapScore="2" minCrapScore="2" visitedClasses="0" numClasses="0" visitedMethods="0" numMethods="1" />
              <MetadataToken>100663499</MetadataToken>
              <Name>System.Void BookBorrowingSystem.MenuForm::InitializeComponent()</Name>
              <FileRef uid="43" />
              <SequencePoints>
                <SequencePoint vc="0" uspid="2656" ordinal="0" offset="0" sl="31" sc="9" el="31" ec="10" bec="0" bev="0" fileid="43" />
                <SequencePoint vc="0" uspid="2657" ordinal="1" offset="1" sl="32" sc="13" el="32" ec="81" bec="0" bev="0" fileid="43" />
                <SequencePoint vc="0" uspid="2658" ordinal="2" offset="12" sl="33" sc="13" el="33" ec="81" bec="0" bev="0" fileid="43" />
                <SequencePoint vc="0" uspid="2659" ordinal="3" offset="23" sl="34" sc="13" el="34" ec="66" bec="0" bev="0" fileid="43" />
                <SequencePoint vc="0" uspid="2660" ordinal="4" offset="34" sl="35" sc="13" el="35" ec="82" bec="0" bev="0" fileid="43" />
                <SequencePoint vc="0" uspid="2661" ordinal="5" offset="45" sl="36" sc="13" el="36" ec="34" bec="0" bev="0" fileid="43" />
                <SequencePoint vc="0" uspid="2662" ordinal="6" offset="52" sl="40" sc="13" el="40" ec="173" bec="0" bev="0" fileid="43" />
                <SequencePoint vc="0" uspid="2663" ordinal="7" offset="86" sl="41" sc="13" el="41" ec="89" bec="0" bev="0" fileid="43" />
                <SequencePoint vc="0" uspid="2664" ordinal="8" offset="107" sl="42" sc="13" el="42" ec="81" bec="0" bev="0" fileid="43" />
                <SequencePoint vc="0" uspid="2665" ordinal="9" offset="124" sl="43" sc="13" el="43" ec="86" bec="0" bev="0" fileid="43" />
                <SequencePoint vc="0" uspid="2666" ordinal="10" offset="151" sl="44" sc="13" el="44" ec="58" bec="0" bev="0" fileid="43" />
                <SequencePoint vc="0" uspid="2667" ordinal="11" offset="164" sl="45" sc="13" el="45" ec="76" bec="0" bev="0" fileid="43" />
                <SequencePoint vc="0" uspid="2668" ordinal="12" offset="181" sl="46" sc="13" el="46" ec="76" bec="0" bev="0" fileid="43" />
                <SequencePoint vc="0" uspid="2669" ordinal="13" offset="194" sl="47" sc="13" el="47" ec="115" bec="0" bev="0" fileid="43" />
                <SequencePoint vc="0" uspid="2670" ordinal="14" offset="218" sl="51" sc="13" el="51" ec="173" bec="0" bev="0" fileid="43" />
                <SequencePoint vc="0" uspid="2671" ordinal="15" offset="252" sl="52" sc="13" el="52" ec="90" bec="0" bev="0" fileid="43" />
                <SequencePoint vc="0" uspid="2672" ordinal="16" offset="276" sl="53" sc="13" el="53" ec="81" bec="0" bev="0" fileid="43" />
                <SequencePoint vc="0" uspid="2673" ordinal="17" offset="293" sl="54" sc="13" el="54" ec="86" bec="0" bev="0" fileid="43" />
                <SequencePoint vc="0" uspid="2674" ordinal="18" offset="320" sl="55" sc="13" el="55" ec="58" bec="0" bev="0" fileid="43" />
                <SequencePoint vc="0" uspid="2675" ordinal="19" offset="333" sl="56" sc="13" el="56" ec="76" bec="0" bev="0" fileid="43" />
                <SequencePoint vc="0" uspid="2676" ordinal="20" offset="350" sl="57" sc="13" el="57" ec="76" bec="0" bev="0" fileid="43" />
                <SequencePoint vc="0" uspid="2677" ordinal="21" offset="363" sl="58" sc="13" el="58" ec="115" bec="0" bev="0" fileid="43" />
                <SequencePoint vc="0" uspid="2678" ordinal="22" offset="387" sl="62" sc="13" el="62" ec="158" bec="0" bev="0" fileid="43" />
                <SequencePoint vc="0" uspid="2679" ordinal="23" offset="421" sl="63" sc="13" el="63" ec="76" bec="0" bev="0" fileid="43" />
                <SequencePoint vc="0" uspid="2680" ordinal="24" offset="448" sl="64" sc="13" el="64" ec="51" bec="0" bev="0" fileid="43" />
                <SequencePoint vc="0" uspid="2681" ordinal="25" offset="465" sl="65" sc="13" el="65" ec="70" bec="0" bev="0" fileid="43" />
                <SequencePoint vc="0" uspid="2682" ordinal="26" offset="489" sl="66" sc="13" el="66" ec="43" bec="0" bev="0" fileid="43" />
                <SequencePoint vc="0" uspid="2683" ordinal="27" offset="502" sl="67" sc="13" el="67" ec="44" bec="0" bev="0" fileid="43" />
                <SequencePoint vc="0" uspid="2684" ordinal="28" offset="519" sl="68" sc="13" el="68" ec="61" bec="0" bev="0" fileid="43" />
                <SequencePoint vc="0" uspid="2685" ordinal="29" offset="532" sl="69" sc="13" el="69" ec="85" bec="0" bev="0" fileid="43" />
                <SequencePoint vc="0" uspid="2686" ordinal="30" offset="556" sl="73" sc="13" el="73" ec="174" bec="0" bev="0" fileid="43" />
                <SequencePoint vc="0" uspid="2687" ordinal="31" offset="590" sl="74" sc="13" el="74" ec="91" bec="0" bev="0" fileid="43" />
                <SequencePoint vc="0" uspid="2688" ordinal="32" offset="614" sl="75" sc="13" el="75" ec="83" bec="0" bev="0" fileid="43" />
                <SequencePoint vc="0" uspid="2689" ordinal="33" offset="631" sl="76" sc="13" el="76" ec="87" bec="0" bev="0" fileid="43" />
                <SequencePoint vc="0" uspid="2690" ordinal="34" offset="658" sl="77" sc="13" el="77" ec="59" bec="0" bev="0" fileid="43" />
                <SequencePoint vc="0" uspid="2691" ordinal="35" offset="671" sl="78" sc="13" el="78" ec="78" bec="0" bev="0" fileid="43" />
                <SequencePoint vc="0" uspid="2692" ordinal="36" offset="688" sl="79" sc="13" el="79" ec="77" bec="0" bev="0" fileid="43" />
                <SequencePoint vc="0" uspid="2693" ordinal="37" offset="701" sl="80" sc="13" el="80" ec="117" bec="0" bev="0" fileid="43" />
                <SequencePoint vc="0" uspid="2694" ordinal="38" offset="725" sl="84" sc="13" el="84" ec="74" bec="0" bev="0" fileid="43" />
                <SequencePoint vc="0" uspid="2695" ordinal="39" offset="747" sl="85" sc="13" el="85" ec="74" bec="0" bev="0" fileid="43" />
                <SequencePoint vc="0" uspid="2696" ordinal="40" offset="755" sl="86" sc="13" el="86" ec="65" bec="0" bev="0" fileid="43" />
                <SequencePoint vc="0" uspid="2697" ordinal="41" offset="777" sl="87" sc="13" el="87" ec="65" bec="0" bev="0" fileid="43" />
                <SequencePoint vc="0" uspid="2698" ordinal="42" offset="795" sl="88" sc="13" el="88" ec="49" bec="0" bev="0" fileid="43" />
                <SequencePoint vc="0" uspid="2699" ordinal="43" offset="813" sl="89" sc="13" el="89" ec="64" bec="0" bev="0" fileid="43" />
                <SequencePoint vc="0" uspid="2700" ordinal="44" offset="831" sl="90" sc="13" el="90" ec="64" bec="0" bev="0" fileid="43" />
                <SequencePoint vc="0" uspid="2701" ordinal="45" offset="849" sl="91" sc="13" el="91" ec="36" bec="0" bev="0" fileid="43" />
                <SequencePoint vc="0" uspid="2702" ordinal="46" offset="861" sl="92" sc="13" el="92" ec="36" bec="0" bev="0" fileid="43" />
                <SequencePoint vc="0" uspid="2703" ordinal="47" offset="873" sl="93" sc="13" el="93" ec="38" bec="0" bev="0" fileid="43" />
                <SequencePoint vc="0" uspid="2704" ordinal="48" offset="881" sl="95" sc="9" el="95" ec="10" bec="0" bev="0" fileid="43" />
              </SequencePoints>
              <BranchPoints />
              <MethodPoint xsi:type="SequencePoint" vc="0" uspid="2656" ordinal="0" offset="0" sl="31" sc="9" el="31" ec="10" bec="0" bev="0" fileid="43" />
            </Method>
          </Methods>
        </Class>
        <Class>
          <Summary numSequencePoints="24" visitedSequencePoints="24" numBranchPoints="9" visitedBranchPoints="9" sequenceCoverage="100" branchCoverage="100" maxCyclomaticComplexity="3" minCyclomaticComplexity="1" maxCrapScore="3" minCrapScore="1" visitedClasses="1" numClasses="1" visitedMethods="5" numMethods="5" />
          <FullName>BookBorrowingSystem.MenuFormPresentationModel</FullName>
          <Methods>
            <Method visited="true" cyclomaticComplexity="1" nPathComplexity="0" sequenceCoverage="100" branchCoverage="100" crapScore="1" isConstructor="true" isStatic="false" isGetter="false" isSetter="false">
              <Summary numSequencePoints="6" visitedSequencePoints="6" numBranchPoints="1" visitedBranchPoints="1" sequenceCoverage="100" branchCoverage="100" maxCyclomaticComplexity="1" minCyclomaticComplexity="1" maxCrapScore="1" minCrapScore="1" visitedClasses="0" numClasses="0" visitedMethods="1" numMethods="1" />
              <MetadataToken>100663500</MetadataToken>
              <Name>System.Void BookBorrowingSystem.MenuFormPresentationModel::.ctor()</Name>
              <FileRef uid="45" />
              <SequencePoints>
                <SequencePoint vc="2" uspid="2705" ordinal="0" offset="0" sl="16" sc="9" el="16" ec="43" bec="0" bev="0" fileid="45" />
                <SequencePoint vc="2" uspid="2706" ordinal="1" offset="7" sl="17" sc="9" el="17" ec="10" bec="0" bev="0" fileid="45" />
                <SequencePoint vc="2" uspid="2707" ordinal="2" offset="8" sl="18" sc="13" el="18" ec="34" bec="0" bev="0" fileid="45" />
                <SequencePoint vc="2" uspid="2708" ordinal="3" offset="15" sl="19" sc="13" el="19" ec="37" bec="0" bev="0" fileid="45" />
                <SequencePoint vc="2" uspid="2709" ordinal="4" offset="22" sl="20" sc="13" el="20" ec="34" bec="0" bev="0" fileid="45" />
                <SequencePoint vc="2" uspid="2710" ordinal="5" offset="29" sl="21" sc="9" el="21" ec="10" bec="0" bev="0" fileid="45" />
              </SequencePoints>
              <BranchPoints />
              <MethodPoint xsi:type="SequencePoint" vc="2" uspid="2705" ordinal="0" offset="0" sl="16" sc="9" el="16" ec="43" bec="0" bev="0" fileid="45" />
            </Method>
            <Method visited="true" cyclomaticComplexity="1" nPathComplexity="0" sequenceCoverage="100" branchCoverage="100" crapScore="1" isConstructor="false" isStatic="false" isGetter="false" isSetter="false">
              <Summary numSequencePoints="3" visitedSequencePoints="3" numBranchPoints="1" visitedBranchPoints="1" sequenceCoverage="100" branchCoverage="100" maxCyclomaticComplexity="1" minCyclomaticComplexity="1" maxCrapScore="1" minCrapScore="1" visitedClasses="0" numClasses="0" visitedMethods="1" numMethods="1" />
              <MetadataToken>100663501</MetadataToken>
              <Name>System.Boolean BookBorrowingSystem.MenuFormPresentationModel::IsBorrowEnable()</Name>
              <FileRef uid="45" />
              <SequencePoints>
                <SequencePoint vc="3" uspid="2711" ordinal="0" offset="0" sl="25" sc="9" el="25" ec="10" bec="0" bev="0" fileid="45" />
                <SequencePoint vc="3" uspid="2712" ordinal="1" offset="1" sl="26" sc="13" el="26" ec="34" bec="0" bev="0" fileid="45" />
                <SequencePoint vc="3" uspid="2713" ordinal="2" offset="10" sl="27" sc="9" el="27" ec="10" bec="0" bev="0" fileid="45" />
              </SequencePoints>
              <BranchPoints />
              <MethodPoint xsi:type="SequencePoint" vc="3" uspid="2711" ordinal="0" offset="0" sl="25" sc="9" el="25" ec="10" bec="0" bev="0" fileid="45" />
            </Method>
            <Method visited="true" cyclomaticComplexity="1" nPathComplexity="0" sequenceCoverage="100" branchCoverage="100" crapScore="1" isConstructor="false" isStatic="false" isGetter="false" isSetter="false">
              <Summary numSequencePoints="3" visitedSequencePoints="3" numBranchPoints="1" visitedBranchPoints="1" sequenceCoverage="100" branchCoverage="100" maxCyclomaticComplexity="1" minCyclomaticComplexity="1" maxCrapScore="1" minCrapScore="1" visitedClasses="0" numClasses="0" visitedMethods="1" numMethods="1" />
              <MetadataToken>100663502</MetadataToken>
              <Name>System.Boolean BookBorrowingSystem.MenuFormPresentationModel::IsInventoryEnable()</Name>
              <FileRef uid="45" />
              <SequencePoints>
                <SequencePoint vc="3" uspid="2714" ordinal="0" offset="0" sl="31" sc="9" el="31" ec="10" bec="0" bev="0" fileid="45" />
                <SequencePoint vc="3" uspid="2715" ordinal="1" offset="1" sl="32" sc="13" el="32" ec="37" bec="0" bev="0" fileid="45" />
                <SequencePoint vc="3" uspid="2716" ordinal="2" offset="10" sl="33" sc="9" el="33" ec="10" bec="0" bev="0" fileid="45" />
              </SequencePoints>
              <BranchPoints />
              <MethodPoint xsi:type="SequencePoint" vc="3" uspid="2714" ordinal="0" offset="0" sl="31" sc="9" el="31" ec="10" bec="0" bev="0" fileid="45" />
            </Method>
            <Method visited="true" cyclomaticComplexity="1" nPathComplexity="0" sequenceCoverage="100" branchCoverage="100" crapScore="1" isConstructor="false" isStatic="false" isGetter="false" isSetter="false">
              <Summary numSequencePoints="3" visitedSequencePoints="3" numBranchPoints="1" visitedBranchPoints="1" sequenceCoverage="100" branchCoverage="100" maxCyclomaticComplexity="1" minCyclomaticComplexity="1" maxCrapScore="1" minCrapScore="1" visitedClasses="0" numClasses="0" visitedMethods="1" numMethods="1" />
              <MetadataToken>100663503</MetadataToken>
              <Name>System.Boolean BookBorrowingSystem.MenuFormPresentationModel::IsManageEnable()</Name>
              <FileRef uid="45" />
              <SequencePoints>
                <SequencePoint vc="3" uspid="2717" ordinal="0" offset="0" sl="37" sc="9" el="37" ec="10" bec="0" bev="0" fileid="45" />
                <SequencePoint vc="3" uspid="2718" ordinal="1" offset="1" sl="38" sc="13" el="38" ec="34" bec="0" bev="0" fileid="45" />
                <SequencePoint vc="3" uspid="2719" ordinal="2" offset="10" sl="39" sc="9" el="39" ec="10" bec="0" bev="0" fileid="45" />
              </SequencePoints>
              <BranchPoints />
              <MethodPoint xsi:type="SequencePoint" vc="3" uspid="2717" ordinal="0" offset="0" sl="37" sc="9" el="37" ec="10" bec="0" bev="0" fileid="45" />
            </Method>
            <Method visited="true" cyclomaticComplexity="3" nPathComplexity="4" sequenceCoverage="100" branchCoverage="100" crapScore="3" isConstructor="false" isStatic="false" isGetter="false" isSetter="false">
              <Summary numSequencePoints="9" visitedSequencePoints="9" numBranchPoints="5" visitedBranchPoints="5" sequenceCoverage="100" branchCoverage="100" maxCyclomaticComplexity="3" minCyclomaticComplexity="3" maxCrapScore="3" minCrapScore="3" visitedClasses="0" numClasses="0" visitedMethods="1" numMethods="1" />
              <MetadataToken>100663504</MetadataToken>
              <Name>System.Boolean BookBorrowingSystem.MenuFormPresentationModel::ChangeButtonStatus(System.Int32)</Name>
              <FileRef uid="45" />
              <SequencePoints>
                <SequencePoint vc="6" uspid="2720" ordinal="0" offset="0" sl="43" sc="9" el="43" ec="10" bec="0" bev="0" fileid="45" />
                <SequencePoint vc="6" uspid="2721" ordinal="1" offset="1" sl="44" sc="13" el="44" ec="27" bec="4" bev="4" fileid="45" />
                <SequencePoint vc="2" uspid="2722" ordinal="2" offset="17" sl="47" sc="21" el="47" ec="52" bec="0" bev="0" fileid="45" />
                <SequencePoint vc="2" uspid="2723" ordinal="3" offset="32" sl="48" sc="21" el="48" ec="42" bec="0" bev="0" fileid="45" />
                <SequencePoint vc="2" uspid="2724" ordinal="4" offset="41" sl="50" sc="21" el="50" ec="58" bec="0" bev="0" fileid="45" />
                <SequencePoint vc="2" uspid="2725" ordinal="5" offset="56" sl="51" sc="21" el="51" ec="45" bec="0" bev="0" fileid="45" />
                <SequencePoint vc="2" uspid="2726" ordinal="6" offset="65" sl="53" sc="21" el="53" ec="52" bec="0" bev="0" fileid="45" />
                <SequencePoint vc="2" uspid="2727" ordinal="7" offset="80" sl="54" sc="21" el="54" ec="42" bec="0" bev="0" fileid="45" />
                <SequencePoint vc="6" uspid="2728" ordinal="8" offset="89" sl="56" sc="9" el="56" ec="10" bec="0" bev="0" fileid="45" />
              </SequencePoints>
              <BranchPoints>
                <BranchPoint vc="4" uspid="2729" ordinal="0" offset="7" sl="44" path="0" offsetchain="9" offsetend="11" fileid="45" />
                <BranchPoint vc="2" uspid="2730" ordinal="1" offset="7" sl="44" path="1" offsetend="17" fileid="45" />
                <BranchPoint vc="2" uspid="2731" ordinal="2" offset="13" sl="44" path="0" offsetchain="15" offsetend="65" fileid="45" />
                <BranchPoint vc="2" uspid="2732" ordinal="3" offset="13" sl="44" path="1" offsetend="41" fileid="45" />
              </BranchPoints>
              <MethodPoint xsi:type="SequencePoint" vc="6" uspid="2720" ordinal="0" offset="0" sl="43" sc="9" el="43" ec="10" bec="0" bev="0" fileid="45" />
            </Method>
          </Methods>
        </Class>
        <Class>
          <Summary numSequencePoints="8" visitedSequencePoints="0" numBranchPoints="1" visitedBranchPoints="0" sequenceCoverage="0" branchCoverage="0" maxCyclomaticComplexity="1" minCyclomaticComplexity="1" maxCrapScore="2" minCrapScore="2" visitedClasses="0" numClasses="1" visitedMethods="0" numMethods="1" />
          <FullName>BookBorrowingSystem.Program</FullName>
          <Methods>
            <Method visited="false" cyclomaticComplexity="1" nPathComplexity="0" sequenceCoverage="0" branchCoverage="0" crapScore="2" isConstructor="false" isStatic="true" isGetter="false" isSetter="false">
              <Summary numSequencePoints="8" visitedSequencePoints="0" numBranchPoints="1" visitedBranchPoints="0" sequenceCoverage="0" branchCoverage="0" maxCyclomaticComplexity="1" minCyclomaticComplexity="1" maxCrapScore="2" minCrapScore="2" visitedClasses="0" numClasses="0" visitedMethods="0" numMethods="1" />
              <MetadataToken>100663505</MetadataToken>
              <Name>System.Void BookBorrowingSystem.Program::Main()</Name>
              <FileRef uid="46" />
              <SequencePoints>
                <SequencePoint vc="0" uspid="2733" ordinal="0" offset="0" sl="16" sc="9" el="16" ec="10" bec="0" bev="0" fileid="46" />
                <SequencePoint vc="0" uspid="2734" ordinal="1" offset="1" sl="17" sc="13" el="17" ec="46" bec="0" bev="0" fileid="46" />
                <SequencePoint vc="0" uspid="2735" ordinal="2" offset="7" sl="18" sc="13" el="18" ec="66" bec="0" bev="0" fileid="46" />
                <SequencePoint vc="0" uspid="2736" ordinal="3" offset="14" sl="19" sc="13" el="19" ec="58" bec="0" bev="0" fileid="46" />
                <SequencePoint vc="0" uspid="2737" ordinal="4" offset="25" sl="20" sc="13" el="20" ec="55" bec="0" bev="0" fileid="46" />
                <SequencePoint vc="0" uspid="2738" ordinal="5" offset="32" sl="21" sc="13" el="21" ec="92" bec="0" bev="0" fileid="46" />
                <SequencePoint vc="0" uspid="2739" ordinal="6" offset="40" sl="22" sc="13" el="22" ec="39" bec="0" bev="0" fileid="46" />
                <SequencePoint vc="0" uspid="2740" ordinal="7" offset="47" sl="23" sc="9" el="23" ec="10" bec="0" bev="0" fileid="46" />
              </SequencePoints>
              <BranchPoints />
              <MethodPoint xsi:type="SequencePoint" vc="0" uspid="2733" ordinal="0" offset="0" sl="16" sc="9" el="16" ec="10" bec="0" bev="0" fileid="46" />
            </Method>
          </Methods>
        </Class>
      </Classes>
    </Module>
  </Modules>
</CoverageSession>